N E X T F L O W  ~  version 20.10.0
Launching `main.nf` [high_ardinghelli] - revision: 60897d922b

====================================================
 __  __      _        _____  _                      
|  \/  |    | |      |  __ \| |                     
| \  / | ___| |_ __ _| |__) | |__   __ _  __ _  ___ 
| |\/| |/ _ \ __/ _` |  ___/| '_ \ / _` |/ _` |/ _ \
| |  | |  __/ || (_| | |    | | | | (_| | (_| |  __/
|_|  |_|\___|\__\__,_|_|    |_| |_|\__,_|\__, |\___|
                                          __/ |     
                                         |___/      
====================================================

[-        ] process > db_manager -[K
[2A
[-        ] process > db_manager  -[K
[-        ] process > fastp       -[K
[-        ] process > remove_phix -[K
[-        ] process > kraken2     -[K
[-        ] process > bracken     -[K
[-        ] process > krona       -[K
[-        ] process > metaspades  -[K
[-        ] process > megahit     -[K
[9A
[-        ] process > db_manager     -[K
[-        ] process > fastp          [  0%] 0 of 3[K
[-        ] process > remove_phix    -[K
[-        ] process > kraken2        -[K
[-        ] process > bracken        -[K
[-        ] process > krona          -[K
[-        ] process > metaspades     -[K
[-        ] process > megahit        -[K
[-        ] process > metaquast      -[K
[-        ] process > vibrant        -[K
[-        ] process > phigaro        -[K
[-        ] process > virsorter      -[K
[-        ] process > virfinder      -[K
[-        ] process > virfinder_proc -[K
[15A
executor >  local (1)[K
[-        ] process > db_manager         [  0%] 0 of 1[K
[67/26b7e4] process > fastp (SRR8299384) [  0%] 0 of 3[K
[-        ] process > remove_phix        -[K
[-        ] process > kraken2            -[K
[-        ] process > bracken            -[K
[-        ] process > krona              -[K
[-        ] process > metaspades         -[K
[-        ] process > megahit            -[K
[-        ] process > metaquast          -[K
[-        ] process > vibrant            -[K
[-        ] process > phigaro            -[K
[-        ] process > virsorter          -[K
[-        ] process > virfinder          -[K
[-        ] process > virfinder_proc     -[K
[-        ] process > cdhit              -[K
[-        ] process > prodigal           -[K
[-        ] process > bowtie2_derep      -[K
[-        ] process > covtocounts2       -[K
[-        ] process > vcontact2          -[K
[-        ] process > vcontact2_extender -[K
[-        ] process > multiqc            -[K
[23A
executor >  local (2)[K
[-        ] process > db_manager         [  0%] 0 of 1[K
[c9/8be6d9] process > fastp (SRR8299386) [  0%] 0 of 3[K
[-        ] process > remove_phix        -[K
[-        ] process > kraken2            -[K
[-        ] process > bracken            -[K
[-        ] process > krona              -[K
[-        ] process > metaspades         -[K
[-        ] process > megahit            -[K
[-        ] process > metaquast          -[K
[-        ] process > vibrant            -[K
[-        ] process > phigaro            -[K
[-        ] process > virsorter          -[K
[-        ] process > virfinder          -[K
[-        ] process > virfinder_proc     -[K
[-        ] process > cdhit              -[K
[-        ] process > prodigal           -[K
[-        ] process > bowtie2_derep      -[K
[-        ] process > covtocounts2       -[K
[-        ] process > vcontact2          -[K
[-        ] process > vcontact2_extender -[K
[-        ] process > multiqc            -[K
[23A
executor >  local (2)[K
[-        ] process > db_manager         [  0%] 0 of 1[K
[67/26b7e4] process > fastp (SRR8299384) [ 33%] 1 of 3[K
[-        ] process > remove_phix        -[K
[-        ] process > kraken2            -[K
[-        ] process > bracken            -[K
[-        ] process > krona              -[K
[-        ] process > metaspades         -[K
[-        ] process > megahit            -[K
[-        ] process > metaquast          -[K
[-        ] process > vibrant            -[K
[-        ] process > phigaro            -[K
[-        ] process > virsorter          -[K
[-        ] process > virfinder          -[K
[-        ] process > virfinder_proc     -[K
[-        ] process > cdhit              -[K
[-        ] process > prodigal           -[K
[-        ] process > bowtie2_derep      -[K
[-        ] process > covtocounts2       -[K
[-        ] process > vcontact2          -[K
[-        ] process > vcontact2_extender -[K
[-        ] process > multiqc            -[K
[23A
executor >  local (3)[K
[-        ] process > db_manager         [  0%] 0 of 1[K
[24/21569f] process > fastp (SRR8299383) [ 67%] 2 of 3[K
[-        ] process > remove_phix        -[K
[-        ] process > kraken2            -[K
[-        ] process > bracken            -[K
[-        ] process > krona              -[K
[-        ] process > metaspades         -[K
[-        ] process > megahit            -[K
[-        ] process > metaquast          -[K
[-        ] process > vibrant            -[K
[-        ] process > phigaro            -[K
[-        ] process > virsorter          -[K
[-        ] process > virfinder          -[K
[-        ] process > virfinder_proc     -[K
[-        ] process > cdhit              -[K
[-        ] process > prodigal           -[K
[-        ] process > bowtie2_derep      -[K
[-        ] process > covtocounts2       -[K
[-        ] process > vcontact2          -[K
[-        ] process > vcontact2_extender -[K
[-        ] process > multiqc            -[K
[23A
executor >  local (4)[K
[e0/f5860d] process > db_manager (Downloading missing databases...) [  0%] 0 of 1[K
[24/21569f] process > fastp (SRR8299383)                            [100%] 3 of 3 ✔[K
[-        ] process > remove_phix                                   -[K
[-        ] process > kraken2                                       -[K
[-        ] process > bracken                                       -[K
[-        ] process > krona                                         -[K
[-        ] process > metaspades                                    -[K
[-        ] process > megahit                                       -[K
[-        ] process > metaquast                                     -[K
[-        ] process > vibrant                                       -[K
[-        ] process > phigaro                                       -[K
[-        ] process > virsorter                                     -[K
[-        ] process > virfinder                                     -[K
[-        ] process > virfinder_proc                                -[K
[-        ] process > cdhit                                         -[K
[-        ] process > prodigal                                      -[K
[-        ] process > bowtie2_derep                                 -[K
[-        ] process > covtocounts2                                  -[K
[-        ] process > vcontact2                                     -[K
[-        ] process > vcontact2_extender                            -[K
[-        ] process > multiqc                                       -[K
[23A
executor >  local (5)[K
[e0/f5860d] process > db_manager (Downloading missing databases...) [100%] 1 of 1 ✔[K
[24/21569f] process > fastp (SRR8299383)                            [100%] 3 of 3 ✔[K
[ae/de625a] process > remove_phix (SRR8299383)                      [  0%] 0 of 3[K
[-        ] process > kraken2                                       -[K
[-        ] process > bracken                                       -[K
[-        ] process > krona                                         -[K
[-        ] process > metaspades                                    -[K
[-        ] process > megahit                                       -[K
[-        ] process > metaquast                                     -[K
[-        ] process > vibrant                                       -[K
[-        ] process > phigaro                                       -[K
[-        ] process > virsorter                                     -[K
[-        ] process > virfinder                                     -[K
[-        ] process > virfinder_proc                                -[K
[-        ] process > cdhit                                         -[K
[-        ] process > prodigal                                      -[K
[-        ] process > bowtie2_derep                                 -[K
[-        ] process > covtocounts2                                  -[K
[-        ] process > vcontact2                                     -[K
[-        ] process > vcontact2_extender                            -[K
[-        ] process > multiqc                                       -[K
[23A
executor >  local (5)[K
[e0/f5860d] process > db_manager (Downloading missing databases...) [100%] 1 of 1 ✔[K
[24/21569f] process > fastp (SRR8299383)                            [100%] 3 of 3 ✔[K
[ae/de625a] process > remove_phix (SRR8299383)                      [  0%] 0 of 3[K
[-        ] process > kraken2                                       -[K
[-        ] process > bracken                                       -[K
[-        ] process > krona                                         -[K
[-        ] process > metaspades                                    -[K
[-        ] process > megahit                                       -[K
[-        ] process > metaquast                                     -[K
[-        ] process > vibrant                                       -[K
[-        ] process > phigaro                                       -[K
[-        ] process > virsorter                                     -[K
[-        ] process > virfinder                                     -[K
[-        ] process > virfinder_proc                                -[K
[-        ] process > cdhit                                         -[K
[-        ] process > prodigal                                      -[K
[-        ] process > bowtie2_derep                                 -[K
[-        ] process > covtocounts2                                  -[K
[-        ] process > vcontact2                                     -[K
[-        ] process > vcontact2_extender                            -[K
[-        ] process > multiqc                                       -[K
[23A
executor >  local (6)[K
[e0/f5860d] process > db_manager (Downloading missing databases...) [100%] 1 of 1 ✔[K
[24/21569f] process > fastp (SRR8299383)                            [100%] 3 of 3 ✔[K
[ae/de625a] process > remove_phix (SRR8299383)                      [ 33%] 1 of 3[K
[-        ] process > kraken2                                       -[K
[-        ] process > bracken                                       -[K
[-        ] process > krona                                         -[K
[-        ] process > metaspades                                    [  0%] 0 of 1[K
[-        ] process > megahit                                       -[K
[-        ] process > metaquast                                     -[K
[-        ] process > vibrant                                       -[K
[-        ] process > phigaro                                       -[K
[-        ] process > virsorter                                     -[K
[-        ] process > virfinder                                     -[K
[-        ] process > virfinder_proc                                -[K
[-        ] process > cdhit                                         -[K
[-        ] process > prodigal                                      -[K
[-        ] process > bowtie2_derep                                 -[K
[-        ] process > covtocounts2                                  -[K
[-        ] process > vcontact2                                     -[K
[-        ] process > vcontact2_extender                            -[K
[-        ] process > multiqc                                       -[K
[23A
executor >  local (6)[K
[e0/f5860d] process > db_manager (Downloading missing databases...) [100%] 1 of 1 ✔[K
[24/21569f] process > fastp (SRR8299383)                            [100%] 3 of 3 ✔[K
[ae/de625a] process > remove_phix (SRR8299383)                      [ 33%] 1 of 3[K
[-        ] process > kraken2                                       [  0%] 0 of 1[K
[-        ] process > bracken                                       -[K
[-        ] process > krona                                         -[K
[-        ] process > metaspades                                    [  0%] 0 of 1[K
[-        ] process > megahit                                       -[K
[-        ] process > metaquast                                     -[K
[-        ] process > vibrant                                       -[K
[-        ] process > phigaro                                       -[K
[-        ] process > virsorter                                     -[K
[-        ] process > virfinder                                     -[K
[-        ] process > virfinder_proc                                -[K
[-        ] process > cdhit                                         -[K
[-        ] process > prodigal                                      -[K
[-        ] process > bowtie2_derep                                 -[K
[-        ] process > covtocounts2                                  -[K
[-        ] process > vcontact2                                     -[K
[-        ] process > vcontact2_extender                            -[K
[-        ] process > multiqc                                       -[K
[23A
executor >  local (7)[K
[e0/f5860d] process > db_manager (Downloading missing databases...) [100%] 1 of 1 ✔[K
[24/21569f] process > fastp (SRR8299383)                            [100%] 3 of 3 ✔[K
[fd/0ccb44] process > remove_phix (SRR8299386)                      [ 67%] 2 of 3[K
[-        ] process > kraken2                                       [  0%] 0 of 2[K
[-        ] process > bracken                                       -[K
[-        ] process > krona                                         -[K
[-        ] process > metaspades                                    [  0%] 0 of 2[K
[-        ] process > megahit                                       -[K
[-        ] process > metaquast                                     -[K
[-        ] process > vibrant                                       -[K
[-        ] process > phigaro                                       -[K
[-        ] process > virsorter                                     -[K
[-        ] process > virfinder                                     -[K
[-        ] process > virfinder_proc                                -[K
[-        ] process > cdhit                                         -[K
[-        ] process > prodigal                                      -[K
[-        ] process > bowtie2_derep                                 -[K
[-        ] process > covtocounts2                                  -[K
[-        ] process > vcontact2                                     -[K
[-        ] process > vcontact2_extender                            -[K
[-        ] process > multiqc                                       -[K
[23A
executor >  local (8)[K
[e0/f5860d] process > db_manager (Downloading missing databases...) [100%] 1 of 1 ✔[K
[24/21569f] process > fastp (SRR8299383)                            [100%] 3 of 3 ✔[K
[a2/7d6d46] process > remove_phix (SRR8299384)                      [100%] 3 of 3 ✔[K
[-        ] process > kraken2                                       [  0%] 0 of 3[K
[-        ] process > bracken                                       -[K
[-        ] process > krona                                         -[K
[f7/48ef4d] process > metaspades (SRR8299383)                       [  0%] 0 of 3[K
[-        ] process > megahit                                       -[K
[-        ] process > metaquast                                     -[K
[-        ] process > vibrant                                       -[K
[-        ] process > phigaro                                       -[K
[-        ] process > virsorter                                     -[K
[-        ] process > virfinder                                     -[K
[-        ] process > virfinder_proc                                -[K
[-        ] process > cdhit                                         -[K
[-        ] process > prodigal                                      -[K
[-        ] process > bowtie2_derep                                 -[K
[-        ] process > covtocounts2                                  -[K
[-        ] process > vcontact2                                     -[K
[-        ] process > vcontact2_extender                            -[K
[-        ] process > multiqc                                       -[K
[23A
executor >  local (9)[K
[e0/f5860d] process > db_manager (Downloading mis... [100%] 1 of 1 ✔[K
[24/21569f] process > fastp (SRR8299383)             [100%] 3 of 3 ✔[K
[a2/7d6d46] process > remove_phix (SRR8299384)       [100%] 3 of 3 ✔[K
[23/ef2d9e] process > kraken2 (SRR8299383)           [  0%] 0 of 3[K
[-        ] process > bracken                        -[K
[-        ] process > krona                          -[K
[f7/48ef4d] process > metaspades (SRR8299383)        [ 33%] 1 of 3[K
[-        ] process > megahit                        -[K
[-        ] process > metaquast                      -[K
[-        ] process > vibrant                        -[K
[-        ] process > phigaro                        -[K
[-        ] process > virsorter                      -[K
[-        ] process > virfinder                      -[K
[-        ] process > virfinder_proc                 -[K
[-        ] process > cdhit                          -[K
[-        ] process > prodigal                       -[K
[-        ] process > bowtie2_derep                  -[K
[-        ] process > covtocounts2                   -[K
[-        ] process > vcontact2                      -[K
[-        ] process > vcontact2_extender             -[K
[-        ] process > multiqc                        -[K
[23A
executor >  local (9)[K
[e0/f5860d] process > db_manager (Downloading mis... [100%] 1 of 1 ✔[K
[24/21569f] process > fastp (SRR8299383)             [100%] 3 of 3 ✔[K
[a2/7d6d46] process > remove_phix (SRR8299384)       [100%] 3 of 3 ✔[K
[23/ef2d9e] process > kraken2 (SRR8299383)           [  0%] 0 of 3[K
[-        ] process > bracken                        -[K
[-        ] process > krona                          -[K
[f7/48ef4d] process > metaspades (SRR8299383)        [ 33%] 1 of 3[K
[-        ] process > megahit                        -[K
[-        ] process > metaquast                      [  0%] 0 of 1[K
[-        ] process > vibrant                        -[K
[-        ] process > phigaro                        -[K
[-        ] process > virsorter                      -[K
[-        ] process > virfinder                      [  0%] 0 of 1[K
[-        ] process > virfinder_proc                 -[K
[-        ] process > cdhit                          -[K
[-        ] process > prodigal                       -[K
[-        ] process > bowtie2_derep                  -[K
[-        ] process > covtocounts2                   -[K
[-        ] process > vcontact2                      -[K
[-        ] process > vcontact2_extender             -[K
[-        ] process > multiqc                        -[K
[23A
executor >  local (9)[K
[e0/f5860d] process > db_manager (Downloading mis... [100%] 1 of 1 ✔[K
[24/21569f] process > fastp (SRR8299383)             [100%] 3 of 3 ✔[K
[a2/7d6d46] process > remove_phix (SRR8299384)       [100%] 3 of 3 ✔[K
[23/ef2d9e] process > kraken2 (SRR8299383)           [  0%] 0 of 3[K
[-        ] process > bracken                        -[K
[-        ] process > krona                          -[K
[f7/48ef4d] process > metaspades (SRR8299383)        [ 33%] 1 of 3[K
[-        ] process > megahit                        -[K
[-        ] process > metaquast                      [  0%] 0 of 1[K
[-        ] process > vibrant                        [  0%] 0 of 1[K
[-        ] process > phigaro                        [  0%] 0 of 1[K
[-        ] process > virsorter                      [  0%] 0 of 1[K
[-        ] process > virfinder                      [  0%] 0 of 1[K
[-        ] process > virfinder_proc                 -[K
[-        ] process > cdhit                          -[K
[-        ] process > prodigal                       -[K
[-        ] process > bowtie2_derep                  -[K
[-        ] process > covtocounts2                   -[K
[-        ] process > vcontact2                      -[K
[-        ] process > vcontact2_extender             -[K
[-        ] process > multiqc                        -[K
[23A
executor >  local (10)[K
[e0/f5860d] process > db_manager (Downloading mis... [100%] 1 of 1 ✔[K
[24/21569f] process > fastp (SRR8299383)             [100%] 3 of 3 ✔[K
[a2/7d6d46] process > remove_phix (SRR8299384)       [100%] 3 of 3 ✔[K
[23/ef2d9e] process > kraken2 (SRR8299383)           [ 33%] 1 of 3[K
[-        ] process > bracken                        -[K
[-        ] process > krona                          -[K
[3e/12ab9f] process > metaspades (SRR8299386)        [ 33%] 1 of 3[K
[-        ] process > megahit                        -[K
[-        ] process > metaquast                      [  0%] 0 of 1[K
[-        ] process > vibrant                        [  0%] 0 of 1[K
[-        ] process > phigaro                        [  0%] 0 of 1[K
[-        ] process > virsorter                      [  0%] 0 of 1[K
[-        ] process > virfinder                      [  0%] 0 of 1[K
[-        ] process > virfinder_proc                 -[K
[-        ] process > cdhit                          -[K
[-        ] process > prodigal                       -[K
[-        ] process > bowtie2_derep                  -[K
[-        ] process > covtocounts2                   -[K
[-        ] process > vcontact2                      -[K
[-        ] process > vcontact2_extender             -[K
[-        ] process > multiqc                        -[K
[23A
executor >  local (10)[K
[e0/f5860d] process > db_manager (Downloading mis... [100%] 1 of 1 ✔[K
[24/21569f] process > fastp (SRR8299383)             [100%] 3 of 3 ✔[K
[a2/7d6d46] process > remove_phix (SRR8299384)       [100%] 3 of 3 ✔[K
[23/ef2d9e] process > kraken2 (SRR8299383)           [ 33%] 1 of 3[K
[-        ] process > bracken                        [  0%] 0 of 1[K
[-        ] process > krona                          -[K
[3e/12ab9f] process > metaspades (SRR8299386)        [ 33%] 1 of 3[K
[-        ] process > megahit                        -[K
[-        ] process > metaquast                      [  0%] 0 of 1[K
[-        ] process > vibrant                        [  0%] 0 of 1[K
[-        ] process > phigaro                        [  0%] 0 of 1[K
[-        ] process > virsorter                      [  0%] 0 of 1[K
[-        ] process > virfinder                      [  0%] 0 of 1[K
[-        ] process > virfinder_proc                 -[K
[-        ] process > cdhit                          -[K
[-        ] process > prodigal                       -[K
[-        ] process > bowtie2_derep                  -[K
[-        ] process > covtocounts2                   -[K
[-        ] process > vcontact2                      -[K
[-        ] process > vcontact2_extender             -[K
[-        ] process > multiqc                        -[K
[23A
executor >  local (11)[K
[e0/f5860d] process > db_manager (Downloading mis... [100%] 1 of 1 ✔[K
[24/21569f] process > fastp (SRR8299383)             [100%] 3 of 3 ✔[K
[a2/7d6d46] process > remove_phix (SRR8299384)       [100%] 3 of 3 ✔[K
[a5/4a04e9] process > kraken2 (SRR8299386)           [ 33%] 1 of 3[K
[-        ] process > bracken                        [  0%] 0 of 1[K
[-        ] process > krona                          -[K
[3e/12ab9f] process > metaspades (SRR8299386)        [ 33%] 1 of 3[K
[-        ] process > megahit                        -[K
[-        ] process > metaquast                      [  0%] 0 of 1[K
[-        ] process > vibrant                        [  0%] 0 of 1[K
[-        ] process > phigaro                        [  0%] 0 of 1[K
[-        ] process > virsorter                      [  0%] 0 of 1[K
[-        ] process > virfinder                      [  0%] 0 of 1[K
[-        ] process > virfinder_proc                 -[K
[-        ] process > cdhit                          -[K
[-        ] process > prodigal                       -[K
[-        ] process > bowtie2_derep                  -[K
[-        ] process > covtocounts2                   -[K
[-        ] process > vcontact2                      -[K
[-        ] process > vcontact2_extender             -[K
[-        ] process > multiqc                        -[K
[23A
executor >  local (11)[K
[e0/f5860d] process > db_manager (Downloading mis... [100%] 1 of 1 ✔[K
[24/21569f] process > fastp (SRR8299383)             [100%] 3 of 3 ✔[K
[a2/7d6d46] process > remove_phix (SRR8299384)       [100%] 3 of 3 ✔[K
[a5/4a04e9] process > kraken2 (SRR8299386)           [ 33%] 1 of 3[K
[-        ] process > bracken                        [  0%] 0 of 1[K
[-        ] process > krona                          -[K
[3e/12ab9f] process > metaspades (SRR8299386)        [ 33%] 1 of 3[K
[-        ] process > megahit                        -[K
[-        ] process > metaquast                      [  0%] 0 of 1[K
[-        ] process > vibrant                        [  0%] 0 of 1[K
[-        ] process > phigaro                        [  0%] 0 of 1[K
[-        ] process > virsorter                      [  0%] 0 of 1[K
[-        ] process > virfinder                      [  0%] 0 of 1[K
[-        ] process > virfinder_proc                 -[K
[-        ] process > cdhit                          -[K
[-        ] process > prodigal                       -[K
[-        ] process > bowtie2_derep                  -[K
[-        ] process > covtocounts2                   -[K
[-        ] process > vcontact2                      -[K
[-        ] process > vcontact2_extender             -[K
[-        ] process > multiqc                        -[K
[31mError executing process > 'metaspades (SRR8299386)'[K
[K
Caused by:[K
  Process `metaspades (SRR8299386)` terminated with an error exit status (1)[K
[K
Command executed:[K
[K
  spades.py     --meta     --threads 8     --memory 60     --pe1-1 SRR8299386_dephixed_R1.fastq.gz --pe1-2 SRR8299386_dephixed_R2.fastq.gz     -o ./[K
  [K
  mv scaffolds.fasta SRR8299386_metaspades_scaffolds.fasta[K
  mv contigs.fasta SRR8299386_metaspades_contigs.fasta[K
[K
Command exit status:[K
  1[K
[K
Command output:[K
    0:09:59.646   134M / 136M  INFO   K-mer Counting           (kmer_data.cpp             : 294)   Processed 74981602 reads[K
    0:09:59.647   134M / 136M  INFO   K-mer Counting           (kmer_data.cpp             : 299)   Total 74981602 reads processed[K
    0:10:00.287   134M / 136M  INFO   K-mer Counting           (kmer_data.cpp             : 302)   Estimated 5253085923 distinct kmers[K
    0:10:00.299     6M / 136M  INFO   K-mer Counting           (kmer_data.cpp             : 306)   Filtering singleton k-mers[K
  42 8 0[K
  nslots: 17179869184[K
  bits per slot: 8 range: 0000040000000000[K
    0:10:26.746    25G / 25G   INFO   K-mer Counting           (kmer_data.cpp             : 312)   Processing SRR8299386_dephixed_R1.fastq.gz[K
    0:30:28.887    25G / 25G   INFO   K-mer Counting           (kmer_data.cpp             : 321)   Processed 37490801 reads[K
    0:30:28.888    25G / 25G   INFO   K-mer Counting           (kmer_data.cpp             : 312)   Processing SRR8299386_dephixed_R2.fastq.gz[K
    0:47:31.396    25G / 25G   INFO   K-mer Counting           (kmer_data.cpp             : 321)   Processed 74981602 reads[K
    0:47:31.396    25G / 25G   INFO   K-mer Counting           (kmer_data.cpp             : 326)   Total 74981602 reads processed[K
    0:47:31.397    25G / 25G   INFO   K-mer Index Building     (kmer_index_builder.hpp    : 301)   Building kmer index[K
    0:47:31.397    25G / 25G   INFO    General                 (kmer_index_builder.hpp    : 117)   Splitting kmer instances into 128 files using 8 threads. This might take a while.[K
    0:47:31.397    25G / 25G   INFO    General                 (file_limit.hpp            :  32)   Open file limit set to 16384[K
    0:47:31.398    25G / 25G   INFO    General                 (kmer_splitters.hpp        :  89)   Memory available for splitting buffers: 1.49913 Gb[K
    0:47:31.398    25G / 25G   INFO    General                 (kmer_splitters.hpp        :  97)   Using cell size of 524288[K
    0:47:31.404    30G / 30G   INFO   K-mer Splitting          (kmer_data.cpp             :  97)   Processing SRR8299386_dephixed_R1.fastq.gz[K
    0:48:09.468    30G / 30G   INFO   K-mer Splitting          (kmer_data.cpp             : 107)   Processed 2225977 reads[K
    0:48:46.098    30G / 30G   INFO   K-mer Splitting          (kmer_data.cpp             : 107)   Processed 4448410 reads[K
    0:49:23.949    30G / 30G   INFO   K-mer Splitting          (kmer_data.cpp             : 107)   Processed 6668517 reads[K
    0:50:01.447    30G / 30G   INFO   K-mer Splitting          (kmer_data.cpp             : 107)   Processed 8884219 reads[K
    0:50:40.006    30G / 30G   INFO   K-mer Splitting          (kmer_data.cpp             : 107)   Processed 11140643 reads[K
    0:51:18.708    30G / 30G   INFO   K-mer Splitting          (kmer_data.cpp             : 107)   Processed 13360713 reads[K
    0:52:02.123    30G / 30G   INFO   K-mer Splitting          (kmer_data.cpp             : 107)   Processed 15580083 reads[K
    0:52:40.130    30G / 30G   INFO   K-mer Splitting          (kmer_data.cpp             : 107)   Processed 17844713 reads[K
    0:53:18.578    30G / 30G   INFO   K-mer Splitting          (kmer_data.cpp             : 107)   Processed 20065881 reads[K
    0:53:58.274    30G / 30G   INFO   K-mer Splitting          (kmer_data.cpp             : 107)   Processed 22339407 reads[K
    0:57:35.842    30G / 30G   INFO   K-mer Splitting          (kmer_data.cpp             : 107)   Processed 35786115 reads[K
    0:58:03.390    30G / 30G   INFO   K-mer Splitting          (kmer_data.cpp             :  97)   Processing SRR8299386_dephixed_R2.fastq.gz[K
    1:06:49.672    30G / 30G   INFO   K-mer Splitting          (kmer_data.cpp             : 107)   Processed 67187971 reads[K
    1:09:04.350    30G / 30G   INFO   K-mer Splitting          (kmer_data.cpp             : 112)   Total 74981602 reads processed[K
    1:09:04.735    25G / 25G   INFO    General                 (kmer_index_builder.hpp    : 120)   Starting k-mer counting.[K
    1:17:48.987    25G / 26G   INFO    General                 (kmer_index_builder.hpp    : 127)   K-mer counting done. There are 3219789384 kmers in total.[K
    1:17:48.989    25G / 26G   INFO    General                 (kmer_index_builder.hpp    : 133)   Merging temporary buckets.[K
    1:18:44.729    25G / 26G   INFO   K-mer Index Building     (kmer_index_builder.hpp    : 314)   Building perfect hash indices[K
    1:25:39.933    26G / 35G   INFO    General                 (kmer_index_builder.hpp    : 150)   Merging final buckets.[K
    1:26:45.562    26G / 35G   INFO   K-mer Index Building     (kmer_index_builder.hpp    : 336)   Index built. Total 1493034318 bytes occupied (3.70964 bits per kmer).[K
    1:26:47.049     2G / 35G   ERROR  K-mer Counting           (kmer_data.cpp             : 348)   The reads contain too many k-mers to fit into available memory. You need approx. 119.947GB of free RAM to assemble your dataset[K
  [K
  [K
  == Error ==  system call for: "['/robin/virome/homes/glazzari/MetaPhage/condaenvs/env-219a91dd02f2f43f63d22763eaa75c80/bin/spades-hammer', 'corrected/configs/config.info']" finished abnormally, OS return value: 255[K
  [K
  In case you have troubles running SPAdes, you can write to spades.support@cab.spbu.ru[K
  or report an issue on our GitHub repository github.com/ablab/spades[K
  Please provide us with params.txt and spades.log files from the output directory.[K
  [K
  SPAdes log can be found here: spades.log[K
  [K
  Thank you for using SPAdes![K
[K
Command wrapper:[K
    0:09:59.646   134M / 136M  INFO   K-mer Counting           (kmer_data.cpp             : 294)   Processed 74981602 reads[K
    0:09:59.647   134M / 136M  INFO   K-mer Counting           (kmer_data.cpp             : 299)   Total 74981602 reads processed[K
    0:10:00.287   134M / 136M  INFO   K-mer Counting           (kmer_data.cpp             : 302)   Estimated 5253085923 distinct kmers[K
    0:10:00.299     6M / 136M  INFO   K-mer Counting           (kmer_data.cpp             : 306)   Filtering singleton k-mers[K
  42 8 0[K
  nslots: 17179869184[K
  bits per slot: 8 range: 0000040000000000[K
    0:10:26.746    25G / 25G   INFO   K-mer Counting           (kmer_data.cpp             : 312)   Processing SRR8299386_dephixed_R1.fastq.gz[K
    0:30:28.887    25G / 25G   INFO   K-mer Counting           (kmer_data.cpp             : 321)   Processed 37490801 reads[K
    0:30:28.888    25G / 25G   INFO   K-mer Counting           (kmer_data.cpp             : 312)   Processing SRR8299386_dephixed_R2.fastq.gz[K
    0:47:31.396    25G / 25G   INFO   K-mer Counting           (kmer_data.cpp             : 321)   Processed 74981602 reads[K
    0:47:31.396    25G / 25G   INFO   K-mer Counting           (kmer_data.cpp             : 326)   Total 74981602 reads processed[K
    0:47:31.397    25G / 25G   INFO   K-mer Index Building     (kmer_index_builder.hpp    : 301)   Building kmer index[K
    0:47:31.397    25G / 25G   INFO    General                 (kmer_index_builder.hpp    : 117)   Splitting kmer instances into 128 files using 8 threads. This might take a while.[K
    0:47:31.397    25G / 25G   INFO    General                 (file_limit.hpp            :  32)   Open file limit set to 16384[K
    0:47:31.398    25G / 25G   INFO    General                 (kmer_splitters.hpp        :  89)   Memory available for splitting buffers: 1.49913 Gb[K
    0:47:31.398    25G / 25G   INFO    General                 (kmer_splitters.hpp        :  97)   Using cell size of 524288[K
    0:47:31.404    30G / 30G   INFO   K-mer Splitting          (kmer_data.cpp             :  97)   Processing SRR8299386_dephixed_R1.fastq.gz[K
    0:48:09.468    30G / 30G   INFO   K-mer Splitting          (kmer_data.cpp             : 107)   Processed 2225977 reads[K
    0:48:46.098    30G / 30G   INFO   K-mer Splitting          (kmer_data.cpp             : 107)   Processed 4448410 reads[K
    0:49:23.949    30G / 30G   INFO   K-mer Splitting          (kmer_data.cpp             : 107)   Processed 6668517 reads[K
    0:50:01.447    30G / 30G   INFO   K-mer Splitting          (kmer_data.cpp             : 107)   Processed 8884219 reads[K
    0:50:40.006    30G / 30G   INFO   K-mer Splitting          (kmer_data.cpp             : 107)   Processed 11140643 reads[K
    0:51:18.708    30G / 30G   INFO   K-mer Splitting          (kmer_data.cpp             : 107)   Processed 13360713 reads[K
    0:52:02.123    30G / 30G   INFO   K-mer Splitting          (kmer_data.cpp             : 107)   Processed 15580083 reads[K
    0:52:40.130    30G / 30G   INFO   K-mer Splitting          (kmer_data.cpp             : 107)   Processed 17844713 reads[K
    0:53:18.578    30G / 30G   INFO   K-mer Splitting          (kmer_data.cpp             : 107)   Processed 20065881 reads[K
    0:53:58.274    30G / 30G   INFO   K-mer Splitting          (kmer_data.cpp             : 107)   Processed 22339407 reads[K
    0:57:35.842    30G / 30G   INFO   K-mer Splitting          (kmer_data.cpp             : 107)   Processed 35786115 reads[K
    0:58:03.390    30G / 30G   INFO   K-mer Splitting          (kmer_data.cpp             :  97)   Processing SRR8299386_dephixed_R2.fastq.gz[K
    1:06:49.672    30G / 30G   INFO   K-mer Splitting          (kmer_data.cpp             : 107)   Processed 67187971 reads[K
    1:09:04.350    30G / 30G   INFO   K-mer Splitting          (kmer_data.cpp             : 112)   Total 74981602 reads processed[K
    1:09:04.735    25G / 25G   INFO    General                 (kmer_index_builder.hpp    : 120)   Starting k-mer counting.[K
    1:17:48.987    25G / 26G   INFO    General                 (kmer_index_builder.hpp    : 127)   K-mer counting done. There are 3219789384 kmers in total.[K
    1:17:48.989    25G / 26G   INFO    General                 (kmer_index_builder.hpp    : 133)   Merging temporary buckets.[K
    1:18:44.729    25G / 26G   INFO   K-mer Index Building     (kmer_index_builder.hpp    : 314)   Building perfect hash indices[K
    1:25:39.933    26G / 35G   INFO    General                 (kmer_index_builder.hpp    : 150)   Merging final buckets.[K
    1:26:45.562    26G / 35G   INFO   K-mer Index Building     (kmer_index_builder.hpp    : 336)   Index built. Total 1493034318 bytes occupied (3.70964 bits per kmer).[K
    1:26:47.049     2G / 35G   ERROR  K-mer Counting           (kmer_data.cpp             : 348)   The reads contain too many k-mers to fit into available memory. You need approx. 119.947GB of free RAM to assemble your dataset[K
  [K
  [K
  == Error ==  system call for: "['/robin/virome/homes/glazzari/MetaPhage/condaenvs/env-219a91dd02f2f43f63d22763eaa75c80/bin/spades-hammer', 'corrected/configs/config.info']" finished abnormally, OS return value: 255[K
  [K
  In case you have troubles running SPAdes, you can write to spades.support@cab.spbu.ru[K
  or report an issue on our GitHub repository github.com/ablab/spades[K
  Please provide us with params.txt and spades.log files from the output directory.[K
  [K
  SPAdes log can be found here: spades.log[K
  [K
  Thank you for using SPAdes![K
[K
Work dir:[K
  /robin/virome/homes/glazzari/MetaPhage/work/3e/12ab9f6d31758dad152eaf1ea502df[K
[K
Tip: you can replicate the issue by changing to the process work dir and entering the command `bash .command.run`[39m[K
WARN: Killing pending tasks (1)
[146A
executor >  local (11)[K
[e0/f5860d] process > db_manager (Downloading mis... [100%] 1 of 1 ✔[K
[24/21569f] process > fastp (SRR8299383)             [100%] 3 of 3 ✔[K
[a2/7d6d46] process > remove_phix (SRR8299384)       [100%] 3 of 3 ✔[K
[a5/4a04e9] process > kraken2 (SRR8299386)           [ 33%] 1 of 3[K
[-        ] process > bracken                        [  0%] 0 of 1[K
[-        ] process > krona                          -[K
[3e/12ab9f] process > metaspades (SRR8299386)        [ 67%] 2 of 3, failed: 1[K
[-        ] process > megahit                        -[K
[-        ] process > metaquast                      [  0%] 0 of 1[K
[-        ] process > vibrant                        [  0%] 0 of 1[K
[-        ] process > phigaro                        [  0%] 0 of 1[K
[-        ] process > virsorter                      [  0%] 0 of 1[K
[-        ] process > virfinder                      [  0%] 0 of 1[K
[-        ] process > virfinder_proc                 -[K
[-        ] process > cdhit                          -[K
[-        ] process > prodigal                       -[K
[-        ] process > bowtie2_derep                  -[K
[-        ] process > covtocounts2                   -[K
[-        ] process > vcontact2                      -[K
[-        ] process > vcontact2_extender             -[K
[-        ] process > multiqc                        -[K
[31mError executing process > 'metaspades (SRR8299386)'[K
[K
Caused by:[K
  Process `metaspades (SRR8299386)` terminated with an error exit status (1)[K
[K
Command executed:[K
[K
  spades.py     --meta     --threads 8     --memory 60     --pe1-1 SRR8299386_dephixed_R1.fastq.gz --pe1-2 SRR8299386_dephixed_R2.fastq.gz     -o ./[K
  [K
  mv scaffolds.fasta SRR8299386_metaspades_scaffolds.fasta[K
  mv contigs.fasta SRR8299386_metaspades_contigs.fasta[K
[K
Command exit status:[K
  1[K
[K
Command output:[K
    0:09:59.646   134M / 136M  INFO   K-mer Counting           (kmer_data.cpp             : 294)   Processed 74981602 reads[K
    0:09:59.647   134M / 136M  INFO   K-mer Counting           (kmer_data.cpp             : 299)   Total 74981602 reads processed[K
    0:10:00.287   134M / 136M  INFO   K-mer Counting           (kmer_data.cpp             : 302)   Estimated 5253085923 distinct kmers[K
    0:10:00.299     6M / 136M  INFO   K-mer Counting           (kmer_data.cpp             : 306)   Filtering singleton k-mers[K
  42 8 0[K
  nslots: 17179869184[K
  bits per slot: 8 range: 0000040000000000[K
    0:10:26.746    25G / 25G   INFO   K-mer Counting           (kmer_data.cpp             : 312)   Processing SRR8299386_dephixed_R1.fastq.gz[K
    0:30:28.887    25G / 25G   INFO   K-mer Counting           (kmer_data.cpp             : 321)   Processed 37490801 reads[K
    0:30:28.888    25G / 25G   INFO   K-mer Counting           (kmer_data.cpp             : 312)   Processing SRR8299386_dephixed_R2.fastq.gz[K
    0:47:31.396    25G / 25G   INFO   K-mer Counting           (kmer_data.cpp             : 321)   Processed 74981602 reads[K
    0:47:31.396    25G / 25G   INFO   K-mer Counting           (kmer_data.cpp             : 326)   Total 74981602 reads processed[K
    0:47:31.397    25G / 25G   INFO   K-mer Index Building     (kmer_index_builder.hpp    : 301)   Building kmer index[K
    0:47:31.397    25G / 25G   INFO    General                 (kmer_index_builder.hpp    : 117)   Splitting kmer instances into 128 files using 8 threads. This might take a while.[K
    0:47:31.397    25G / 25G   INFO    General                 (file_limit.hpp            :  32)   Open file limit set to 16384[K
    0:47:31.398    25G / 25G   INFO    General                 (kmer_splitters.hpp        :  89)   Memory available for splitting buffers: 1.49913 Gb[K
    0:47:31.398    25G / 25G   INFO    General                 (kmer_splitters.hpp        :  97)   Using cell size of 524288[K
    0:47:31.404    30G / 30G   INFO   K-mer Splitting          (kmer_data.cpp             :  97)   Processing SRR8299386_dephixed_R1.fastq.gz[K
    0:48:09.468    30G / 30G   INFO   K-mer Splitting          (kmer_data.cpp             : 107)   Processed 2225977 reads[K
    0:48:46.098    30G / 30G   INFO   K-mer Splitting          (kmer_data.cpp             : 107)   Processed 4448410 reads[K
    0:49:23.949    30G / 30G   INFO   K-mer Splitting          (kmer_data.cpp             : 107)   Processed 6668517 reads[K
    0:50:01.447    30G / 30G   INFO   K-mer Splitting          (kmer_data.cpp             : 107)   Processed 8884219 reads[K
    0:50:40.006    30G / 30G   INFO   K-mer Splitting          (kmer_data.cpp             : 107)   Processed 11140643 reads[K
    0:51:18.708    30G / 30G   INFO   K-mer Splitting          (kmer_data.cpp             : 107)   Processed 13360713 reads[K
    0:52:02.123    30G / 30G   INFO   K-mer Splitting          (kmer_data.cpp             : 107)   Processed 15580083 reads[K
    0:52:40.130    30G / 30G   INFO   K-mer Splitting          (kmer_data.cpp             : 107)   Processed 17844713 reads[K
    0:53:18.578    30G / 30G   INFO   K-mer Splitting          (kmer_data.cpp             : 107)   Processed 20065881 reads[K
    0:53:58.274    30G / 30G   INFO   K-mer Splitting          (kmer_data.cpp             : 107)   Processed 22339407 reads[K
    0:57:35.842    30G / 30G   INFO   K-mer Splitting          (kmer_data.cpp             : 107)   Processed 35786115 reads[K
    0:58:03.390    30G / 30G   INFO   K-mer Splitting          (kmer_data.cpp             :  97)   Processing SRR8299386_dephixed_R2.fastq.gz[K
    1:06:49.672    30G / 30G   INFO   K-mer Splitting          (kmer_data.cpp             : 107)   Processed 67187971 reads[K
    1:09:04.350    30G / 30G   INFO   K-mer Splitting          (kmer_data.cpp             : 112)   Total 74981602 reads processed[K
    1:09:04.735    25G / 25G   INFO    General                 (kmer_index_builder.hpp    : 120)   Starting k-mer counting.[K
    1:17:48.987    25G / 26G   INFO    General                 (kmer_index_builder.hpp    : 127)   K-mer counting done. There are 3219789384 kmers in total.[K
    1:17:48.989    25G / 26G   INFO    General                 (kmer_index_builder.hpp    : 133)   Merging temporary buckets.[K
    1:18:44.729    25G / 26G   INFO   K-mer Index Building     (kmer_index_builder.hpp    : 314)   Building perfect hash indices[K
    1:25:39.933    26G / 35G   INFO    General                 (kmer_index_builder.hpp    : 150)   Merging final buckets.[K
    1:26:45.562    26G / 35G   INFO   K-mer Index Building     (kmer_index_builder.hpp    : 336)   Index built. Total 1493034318 bytes occupied (3.70964 bits per kmer).[K
    1:26:47.049     2G / 35G   ERROR  K-mer Counting           (kmer_data.cpp             : 348)   The reads contain too many k-mers to fit into available memory. You need approx. 119.947GB of free RAM to assemble your dataset[K
  [K
  [K
  == Error ==  system call for: "['/robin/virome/homes/glazzari/MetaPhage/condaenvs/env-219a91dd02f2f43f63d22763eaa75c80/bin/spades-hammer', 'corrected/configs/config.info']" finished abnormally, OS return value: 255[K
  [K
  In case you have troubles running SPAdes, you can write to spades.support@cab.spbu.ru[K
  or report an issue on our GitHub repository github.com/ablab/spades[K
  Please provide us with params.txt and spades.log files from the output directory.[K
  [K
  SPAdes log can be found here: spades.log[K
  [K
  Thank you for using SPAdes![K
[K
Command wrapper:[K
    0:09:59.646   134M / 136M  INFO   K-mer Counting           (kmer_data.cpp             : 294)   Processed 74981602 reads[K
    0:09:59.647   134M / 136M  INFO   K-mer Counting           (kmer_data.cpp             : 299)   Total 74981602 reads processed[K
    0:10:00.287   134M / 136M  INFO   K-mer Counting           (kmer_data.cpp             : 302)   Estimated 5253085923 distinct kmers[K
    0:10:00.299     6M / 136M  INFO   K-mer Counting           (kmer_data.cpp             : 306)   Filtering singleton k-mers[K
  42 8 0[K
  nslots: 17179869184[K
  bits per slot: 8 range: 0000040000000000[K
    0:10:26.746    25G / 25G   INFO   K-mer Counting           (kmer_data.cpp             : 312)   Processing SRR8299386_dephixed_R1.fastq.gz[K
    0:30:28.887    25G / 25G   INFO   K-mer Counting           (kmer_data.cpp             : 321)   Processed 37490801 reads[K
    0:30:28.888    25G / 25G   INFO   K-mer Counting           (kmer_data.cpp             : 312)   Processing SRR8299386_dephixed_R2.fastq.gz[K
    0:47:31.396    25G / 25G   INFO   K-mer Counting           (kmer_data.cpp             : 321)   Processed 74981602 reads[K
    0:47:31.396    25G / 25G   INFO   K-mer Counting           (kmer_data.cpp             : 326)   Total 74981602 reads processed[K
    0:47:31.397    25G / 25G   INFO   K-mer Index Building     (kmer_index_builder.hpp    : 301)   Building kmer index[K
    0:47:31.397    25G / 25G   INFO    General                 (kmer_index_builder.hpp    : 117)   Splitting kmer instances into 128 files using 8 threads. This might take a while.[K
    0:47:31.397    25G / 25G   INFO    General                 (file_limit.hpp            :  32)   Open file limit set to 16384[K
    0:47:31.398    25G / 25G   INFO    General                 (kmer_splitters.hpp        :  89)   Memory available for splitting buffers: 1.49913 Gb[K
    0:47:31.398    25G / 25G   INFO    General                 (kmer_splitters.hpp        :  97)   Using cell size of 524288[K
    0:47:31.404    30G / 30G   INFO   K-mer Splitting          (kmer_data.cpp             :  97)   Processing SRR8299386_dephixed_R1.fastq.gz[K
    0:48:09.468    30G / 30G   INFO   K-mer Splitting          (kmer_data.cpp             : 107)   Processed 2225977 reads[K
    0:48:46.098    30G / 30G   INFO   K-mer Splitting          (kmer_data.cpp             : 107)   Processed 4448410 reads[K
    0:49:23.949    30G / 30G   INFO   K-mer Splitting          (kmer_data.cpp             : 107)   Processed 6668517 reads[K
    0:50:01.447    30G / 30G   INFO   K-mer Splitting          (kmer_data.cpp             : 107)   Processed 8884219 reads[K
    0:50:40.006    30G / 30G   INFO   K-mer Splitting          (kmer_data.cpp             : 107)   Processed 11140643 reads[K
    0:51:18.708    30G / 30G   INFO   K-mer Splitting          (kmer_data.cpp             : 107)   Processed 13360713 reads[K
    0:52:02.123    30G / 30G   INFO   K-mer Splitting          (kmer_data.cpp             : 107)   Processed 15580083 reads[K
    0:52:40.130    30G / 30G   INFO   K-mer Splitting          (kmer_data.cpp             : 107)   Processed 17844713 reads[K
    0:53:18.578    30G / 30G   INFO   K-mer Splitting          (kmer_data.cpp             : 107)   Processed 20065881 reads[K
    0:53:58.274    30G / 30G   INFO   K-mer Splitting          (kmer_data.cpp             : 107)   Processed 22339407 reads[K
    0:57:35.842    30G / 30G   INFO   K-mer Splitting          (kmer_data.cpp             : 107)   Processed 35786115 reads[K
    0:58:03.390    30G / 30G   INFO   K-mer Splitting          (kmer_data.cpp             :  97)   Processing SRR8299386_dephixed_R2.fastq.gz[K
    1:06:49.672    30G / 30G   INFO   K-mer Splitting          (kmer_data.cpp             : 107)   Processed 67187971 reads[K
    1:09:04.350    30G / 30G   INFO   K-mer Splitting          (kmer_data.cpp             : 112)   Total 74981602 reads processed[K
    1:09:04.735    25G / 25G   INFO    General                 (kmer_index_builder.hpp    : 120)   Starting k-mer counting.[K
    1:17:48.987    25G / 26G   INFO    General                 (kmer_index_builder.hpp    : 127)   K-mer counting done. There are 3219789384 kmers in total.[K
    1:17:48.989    25G / 26G   INFO    General                 (kmer_index_builder.hpp    : 133)   Merging temporary buckets.[K
    1:18:44.729    25G / 26G   INFO   K-mer Index Building     (kmer_index_builder.hpp    : 314)   Building perfect hash indices[K
    1:25:39.933    26G / 35G   INFO    General                 (kmer_index_builder.hpp    : 150)   Merging final buckets.[K
    1:26:45.562    26G / 35G   INFO   K-mer Index Building     (kmer_index_builder.hpp    : 336)   Index built. Total 1493034318 bytes occupied (3.70964 bits per kmer).[K
    1:26:47.049     2G / 35G   ERROR  K-mer Counting           (kmer_data.cpp             : 348)   The reads contain too many k-mers to fit into available memory. You need approx. 119.947GB of free RAM to assemble your dataset[K
  [K
  [K
  == Error ==  system call for: "['/robin/virome/homes/glazzari/MetaPhage/condaenvs/env-219a91dd02f2f43f63d22763eaa75c80/bin/spades-hammer', 'corrected/configs/config.info']" finished abnormally, OS return value: 255[K
  [K
  In case you have troubles running SPAdes, you can write to spades.support@cab.spbu.ru[K
  or report an issue on our GitHub repository github.com/ablab/spades[K
  Please provide us with params.txt and spades.log files from the output directory.[K
  [K
  SPAdes log can be found here: spades.log[K
  [K
  Thank you for using SPAdes![K
[K
Work dir:[K
  /robin/virome/homes/glazzari/MetaPhage/work/3e/12ab9f6d31758dad152eaf1ea502df[K
[K
Tip: you can replicate the issue by changing to the process work dir and entering the command `bash .command.run`[39m[K

