N E X T F L O W  ~  version 20.10.0
Launching `main.nf` [prickly_goldwasser] - revision: 60897d922b

====================================================
 __  __      _        _____  _                      
|  \/  |    | |      |  __ \| |                     
| \  / | ___| |_ __ _| |__) | |__   __ _  __ _  ___ 
| |\/| |/ _ \ __/ _` |  ___/| '_ \ / _` |/ _` |/ _ \
| |  | |  __/ || (_| | |    | | | | (_| | (_| |  __/
|_|  |_|\___|\__\__,_|_|    |_| |_|\__,_|\__, |\___|
                                          __/ |     
                                         |___/      
====================================================

[-        ] process > db_manager  -
[-        ] process > fastp       -
[-        ] process > remove_phix -
[-        ] process > kraken2     -
[-        ] process > bracken     -
[-        ] process > krona       -
[-        ] process > metaspades  -
[-        ] process > megahit     -
[-        ] process > metaquast   -

executor >  local (2)
[-        ] process > db_manager         [  0%] 0 of 1
[49/99dc44] process > fastp (SRR8299384) [  0%] 0 of 3
[-        ] process > remove_phix        -
[-        ] process > kraken2            -
[-        ] process > bracken            -
[-        ] process > krona              -
[-        ] process > metaspades         -
[-        ] process > megahit            -
[-        ] process > metaquast          -
[-        ] process > vibrant            -
[-        ] process > phigaro            -
[-        ] process > virsorter          -
[-        ] process > virfinder          -
[-        ] process > virfinder_proc     -
[-        ] process > cdhit              -
[-        ] process > prodigal           -
[-        ] process > bowtie2_derep      -
[-        ] process > covtocounts2       -
[-        ] process > vcontact2          -
[-        ] process > vcontact2_extender -
[-        ] process > multiqc            -

executor >  local (2)
[-        ] process > db_manager         [  0%] 0 of 1
[49/99dc44] process > fastp (SRR8299384) [ 33%] 1 of 3
[-        ] process > remove_phix        -
[-        ] process > kraken2            -
[-        ] process > bracken            -
[-        ] process > krona              -
[-        ] process > metaspades         -
[-        ] process > megahit            -
[-        ] process > metaquast          -
[-        ] process > vibrant            -
[-        ] process > phigaro            -
[-        ] process > virsorter          -
[-        ] process > virfinder          -
[-        ] process > virfinder_proc     -
[-        ] process > cdhit              -
[-        ] process > prodigal           -
[-        ] process > bowtie2_derep      -
[-        ] process > covtocounts2       -
[-        ] process > vcontact2          -
[-        ] process > vcontact2_extender -
[-        ] process > multiqc            -

executor >  local (3)
[e4/274828] process > db_manager (Downloading mis... [  0%] 0 of 1
[49/99dc44] process > fastp (SRR8299384)             [ 33%] 1 of 3
[-        ] process > remove_phix                    -
[-        ] process > kraken2                        -
[-        ] process > bracken                        -
[-        ] process > krona                          -
[-        ] process > metaspades                     -
[-        ] process > megahit                        -
[-        ] process > metaquast                      -
[-        ] process > vibrant                        -
[-        ] process > phigaro                        -
[-        ] process > virsorter                      -
[-        ] process > virfinder                      -
[-        ] process > virfinder_proc                 -
[-        ] process > cdhit                          -
[-        ] process > prodigal                       -
[-        ] process > bowtie2_derep                  -
[-        ] process > covtocounts2                   -
[-        ] process > vcontact2                      -
[-        ] process > vcontact2_extender             -
[-        ] process > multiqc                        -

executor >  local (4)
[e4/274828] process > db_manager (Downloading mis... [100%] 1 of 1 ✔
[fd/3da077] process > fastp (SRR8299386)             [ 33%] 1 of 3
[-        ] process > remove_phix                    [  0%] 0 of 1
[-        ] process > kraken2                        -
[-        ] process > bracken                        -
[-        ] process > krona                          -
[-        ] process > metaspades                     -
[-        ] process > megahit                        -
[-        ] process > metaquast                      -
[-        ] process > vibrant                        -
[-        ] process > phigaro                        -
[-        ] process > virsorter                      -
[-        ] process > virfinder                      -
[-        ] process > virfinder_proc                 -
[-        ] process > cdhit                          -
[-        ] process > prodigal                       -
[-        ] process > bowtie2_derep                  -
[-        ] process > covtocounts2                   -
[-        ] process > vcontact2                      -
[-        ] process > vcontact2_extender             -
[-        ] process > multiqc                        -

executor >  local (4)
[e4/274828] process > db_manager (Downloading mis... [100%] 1 of 1 ✔
[fd/3da077] process > fastp (SRR8299386)             [ 33%] 1 of 3
[-        ] process > remove_phix                    [  0%] 0 of 1
[-        ] process > kraken2                        -
[-        ] process > bracken                        -
[-        ] process > krona                          -
[-        ] process > metaspades                     -
[-        ] process > megahit                        -
[-        ] process > metaquast                      -
[-        ] process > vibrant                        -
[-        ] process > phigaro                        -
[-        ] process > virsorter                      -
[-        ] process > virfinder                      -
[-        ] process > virfinder_proc                 -
[-        ] process > cdhit                          -
[-        ] process > prodigal                       -
[-        ] process > bowtie2_derep                  -
[-        ] process > covtocounts2                   -
[-        ] process > vcontact2                      -
[-        ] process > vcontact2_extender             -
[-        ] process > multiqc                        -

executor >  local (5)
[e4/274828] process > db_manager (Downloading mis... [100%] 1 of 1 ✔
[5b/a121a7] process > fastp (SRR8299383)             [ 67%] 2 of 3
[ea/bf006f] process > remove_phix (SRR8299384)       [  0%] 0 of 2
[-        ] process > kraken2                        -
[-        ] process > bracken                        -
[-        ] process > krona                          -
[-        ] process > metaspades                     -
[-        ] process > megahit                        -
[-        ] process > metaquast                      -
[-        ] process > vibrant                        -
[-        ] process > phigaro                        -
[-        ] process > virsorter                      -
[-        ] process > virfinder                      -
[-        ] process > virfinder_proc                 -
[-        ] process > cdhit                          -
[-        ] process > prodigal                       -
[-        ] process > bowtie2_derep                  -
[-        ] process > covtocounts2                   -
[-        ] process > vcontact2                      -
[-        ] process > vcontact2_extender             -
[-        ] process > multiqc                        -

executor >  local (5)
[e4/274828] process > db_manager (Downloading mis... [100%] 1 of 1 ✔
[5b/a121a7] process > fastp (SRR8299383)             [ 67%] 2 of 3
[ea/bf006f] process > remove_phix (SRR8299384)       [  0%] 0 of 2
[-        ] process > kraken2                        -
[-        ] process > bracken                        -
[-        ] process > krona                          -
[-        ] process > metaspades                     -
[-        ] process > megahit                        -
[-        ] process > metaquast                      -
[-        ] process > vibrant                        -
[-        ] process > phigaro                        -
[-        ] process > virsorter                      -
[-        ] process > virfinder                      -
[-        ] process > virfinder_proc                 -
[-        ] process > cdhit                          -
[-        ] process > prodigal                       -
[-        ] process > bowtie2_derep                  -
[-        ] process > covtocounts2                   -
[-        ] process > vcontact2                      -
[-        ] process > vcontact2_extender             -
[-        ] process > multiqc                        -

executor >  local (5)
[e4/274828] process > db_manager (Downloading mis... [100%] 1 of 1 ✔
[fd/3da077] process > fastp (SRR8299386)             [100%] 3 of 3 ✔
[ea/bf006f] process > remove_phix (SRR8299384)       [  0%] 0 of 2
[-        ] process > kraken2                        -
[-        ] process > bracken                        -
[-        ] process > krona                          -
[-        ] process > metaspades                     -
[-        ] process > megahit                        -
[-        ] process > metaquast                      -
[-        ] process > vibrant                        -
[-        ] process > phigaro                        -
[-        ] process > virsorter                      -
[-        ] process > virfinder                      -
[-        ] process > virfinder_proc                 -
[-        ] process > cdhit                          -
[-        ] process > prodigal                       -
[-        ] process > bowtie2_derep                  -
[-        ] process > covtocounts2                   -
[-        ] process > vcontact2                      -
[-        ] process > vcontact2_extender             -
[-        ] process > multiqc                        -

executor >  local (6)
[e4/274828] process > db_manager (Downloading mis... [100%] 1 of 1 ✔
[fd/3da077] process > fastp (SRR8299386)             [100%] 3 of 3 ✔
[5d/68703e] process > remove_phix (SRR8299383)       [  0%] 0 of 3
[-        ] process > kraken2                        -
[-        ] process > bracken                        -
[-        ] process > krona                          -
[-        ] process > metaspades                     -
[-        ] process > megahit                        -
[-        ] process > metaquast                      -
[-        ] process > vibrant                        -
[-        ] process > phigaro                        -
[-        ] process > virsorter                      -
[-        ] process > virfinder                      -
[-        ] process > virfinder_proc                 -
[-        ] process > cdhit                          -
[-        ] process > prodigal                       -
[-        ] process > bowtie2_derep                  -
[-        ] process > covtocounts2                   -
[-        ] process > vcontact2                      -
[-        ] process > vcontact2_extender             -
[-        ] process > multiqc                        -

executor >  local (7)
[e4/274828] process > db_manager (Downloading mis... [100%] 1 of 1 ✔
[fd/3da077] process > fastp (SRR8299386)             [100%] 3 of 3 ✔
[2c/7b30b6] process > remove_phix (SRR8299386)       [ 33%] 1 of 3
[-        ] process > kraken2                        -
[-        ] process > bracken                        -
[-        ] process > krona                          -
[-        ] process > metaspades                     [  0%] 0 of 1
[-        ] process > megahit                        -
[-        ] process > metaquast                      -
[-        ] process > vibrant                        -
[-        ] process > phigaro                        -
[-        ] process > virsorter                      -
[-        ] process > virfinder                      -
[-        ] process > virfinder_proc                 -
[-        ] process > cdhit                          -
[-        ] process > prodigal                       -
[-        ] process > bowtie2_derep                  -
[-        ] process > covtocounts2                   -
[-        ] process > vcontact2                      -
[-        ] process > vcontact2_extender             -
[-        ] process > multiqc                        -

executor >  local (7)
[e4/274828] process > db_manager (Downloading mis... [100%] 1 of 1 ✔
[fd/3da077] process > fastp (SRR8299386)             [100%] 3 of 3 ✔
[2c/7b30b6] process > remove_phix (SRR8299386)       [ 33%] 1 of 3
[-        ] process > kraken2                        [  0%] 0 of 1
[-        ] process > bracken                        -
[-        ] process > krona                          -
[-        ] process > metaspades                     [  0%] 0 of 1
[-        ] process > megahit                        -
[-        ] process > metaquast                      -
[-        ] process > vibrant                        -
[-        ] process > phigaro                        -
[-        ] process > virsorter                      -
[-        ] process > virfinder                      -
[-        ] process > virfinder_proc                 -
[-        ] process > cdhit                          -
[-        ] process > prodigal                       -
[-        ] process > bowtie2_derep                  -
[-        ] process > covtocounts2                   -
[-        ] process > vcontact2                      -
[-        ] process > vcontact2_extender             -
[-        ] process > multiqc                        -

executor >  local (8)
[e4/274828] process > db_manager (Downloading mis... [100%] 1 of 1 ✔
[fd/3da077] process > fastp (SRR8299386)             [100%] 3 of 3 ✔
[5d/68703e] process > remove_phix (SRR8299383)       [ 67%] 2 of 3
[-        ] process > kraken2                        [  0%] 0 of 2
[-        ] process > bracken                        -
[-        ] process > krona                          -
[8c/73ecdc] process > metaspades (SRR8299384)        [  0%] 0 of 2
[-        ] process > megahit                        -
[-        ] process > metaquast                      -
[-        ] process > vibrant                        -
[-        ] process > phigaro                        -
[-        ] process > virsorter                      -
[-        ] process > virfinder                      -
[-        ] process > virfinder_proc                 -
[-        ] process > cdhit                          -
[-        ] process > prodigal                       -
[-        ] process > bowtie2_derep                  -
[-        ] process > covtocounts2                   -
[-        ] process > vcontact2                      -
[-        ] process > vcontact2_extender             -
[-        ] process > multiqc                        -

executor >  local (9)
[e4/274828] process > db_manager (Downloading mis... [100%] 1 of 1 ✔
[fd/3da077] process > fastp (SRR8299386)             [100%] 3 of 3 ✔
[2c/7b30b6] process > remove_phix (SRR8299386)       [100%] 3 of 3 ✔
[73/0f9e50] process > kraken2 (SRR8299384)           [  0%] 0 of 3
[-        ] process > bracken                        -
[-        ] process > krona                          -
[8c/73ecdc] process > metaspades (SRR8299384)        [  0%] 0 of 3
[-        ] process > megahit                        -
[-        ] process > metaquast                      -
[-        ] process > vibrant                        -
[-        ] process > phigaro                        -
[-        ] process > virsorter                      -
[-        ] process > virfinder                      -
[-        ] process > virfinder_proc                 -
[-        ] process > cdhit                          -
[-        ] process > prodigal                       -
[-        ] process > bowtie2_derep                  -
[-        ] process > covtocounts2                   -
[-        ] process > vcontact2                      -
[-        ] process > vcontact2_extender             -
[-        ] process > multiqc                        -

executor >  local (10)
[e4/274828] process > db_manager (Downloading mis... [100%] 1 of 1 ✔
[fd/3da077] process > fastp (SRR8299386)             [100%] 3 of 3 ✔
[2c/7b30b6] process > remove_phix (SRR8299386)       [100%] 3 of 3 ✔
[73/0f9e50] process > kraken2 (SRR8299384)           [ 33%] 1 of 3
[-        ] process > bracken                        -
[-        ] process > krona                          -
[f5/0339c9] process > metaspades (SRR8299383)        [  0%] 0 of 3
[-        ] process > megahit                        -
[-        ] process > metaquast                      -
[-        ] process > vibrant                        -
[-        ] process > phigaro                        -
[-        ] process > virsorter                      -
[-        ] process > virfinder                      -
[-        ] process > virfinder_proc                 -
[-        ] process > cdhit                          -
[-        ] process > prodigal                       -
[-        ] process > bowtie2_derep                  -
[-        ] process > covtocounts2                   -
[-        ] process > vcontact2                      -
[-        ] process > vcontact2_extender             -
[-        ] process > multiqc                        -

executor >  local (10)
[e4/274828] process > db_manager (Downloading mis... [100%] 1 of 1 ✔
[fd/3da077] process > fastp (SRR8299386)             [100%] 3 of 3 ✔
[2c/7b30b6] process > remove_phix (SRR8299386)       [100%] 3 of 3 ✔
[73/0f9e50] process > kraken2 (SRR8299384)           [ 33%] 1 of 3
[-        ] process > bracken                        -
[-        ] process > krona                          -
[f5/0339c9] process > metaspades (SRR8299383)        [  0%] 0 of 3
[-        ] process > megahit                        -
[-        ] process > metaquast                      -
[-        ] process > vibrant                        -
[-        ] process > phigaro                        -
[-        ] process > virsorter                      -
[-        ] process > virfinder                      -
[-        ] process > virfinder_proc                 -
[-        ] process > cdhit                          -
[-        ] process > prodigal                       -
[-        ] process > bowtie2_derep                  -
[-        ] process > covtocounts2                   -
[-        ] process > vcontact2                      -
[-        ] process > vcontact2_extender             -
[-        ] process > multiqc                        -
Creating Conda env: bioconda::bracken==2.5.3 conda-forge::libcxx==9.0.1 conda-forge::llvm-openmp==10.0.1 conda-forge::python=3.7 conda-forge::python_abi==3.7=1_cp37m [cache /storage-large/homedirs/nicola.vitulo/GIOELE/MetaPhage/./condaenvs/env-2b2c4b408fee5a6bc7430c72a3cc5b98]

executor >  local (10)
[e4/274828] process > db_manager (Downloading mis... [100%] 1 of 1 ✔
[fd/3da077] process > fastp (SRR8299386)             [100%] 3 of 3 ✔
[2c/7b30b6] process > remove_phix (SRR8299386)       [100%] 3 of 3 ✔
[73/0f9e50] process > kraken2 (SRR8299384)           [ 33%] 1 of 3
[-        ] process > bracken                        [  0%] 0 of 1
[-        ] process > krona                          -
[f5/0339c9] process > metaspades (SRR8299383)        [  0%] 0 of 3
[-        ] process > megahit                        -
[-        ] process > metaquast                      -
[-        ] process > vibrant                        -
[-        ] process > phigaro                        -
[-        ] process > virsorter                      -
[-        ] process > virfinder                      -
[-        ] process > virfinder_proc                 -
[-        ] process > cdhit                          -
[-        ] process > prodigal                       -
[-        ] process > bowtie2_derep                  -
[-        ] process > covtocounts2                   -
[-        ] process > vcontact2                      -
[-        ] process > vcontact2_extender             -
[-        ] process > multiqc                        -


WARN: Killing pending tasks (1)
executor >  local (10)
[e4/274828] process > db_manager (Downloading mis... [100%] 1 of 1 ✔
[fd/3da077] process > fastp (SRR8299386)             [100%] 3 of 3 ✔
[2c/7b30b6] process > remove_phix (SRR8299386)       [100%] 3 of 3 ✔
[73/0f9e50] process > kraken2 (SRR8299384)           [ 33%] 1 of 3
[-        ] process > bracken                        [  0%] 0 of 1
[-        ] process > krona                          -
[f5/0339c9] process > metaspades (SRR8299383)        [  0%] 0 of 3
[-        ] process > megahit                        -
[-        ] process > metaquast                      -
[-        ] process > vibrant                        -
[-        ] process > phigaro                        -
[-        ] process > virsorter                      -
[-        ] process > virfinder                      -
[-        ] process > virfinder_proc                 -
[-        ] process > cdhit                          -
[-        ] process > prodigal                       -
[-        ] process > bowtie2_derep                  -
[-        ] process > covtocounts2                   -
[-        ] process > vcontact2                      -
[-        ] process > vcontact2_extender             -
[-        ] process > multiqc                        -
Error executing process > 'metaspades (SRR8299384)'

Caused by:
  Process `metaspades (SRR8299384)` terminated with an error exit status (1)

Command executed:

  spades.py     --meta     --threads 8     --memory 60     --pe1-1 SRR8299384_dephixed_R1.fastq.gz --pe1-2 SRR8299384_dephixed_R2.fastq.gz     -o ./
  
  mv scaffolds.fasta SRR8299384_metaspades_scaffolds.fasta
  mv contigs.fasta SRR8299384_metaspades_contigs.fasta

Command exit status:
  1

Command output:
    0:01:52.612   134M / 145M  INFO   K-mer Counting           (kmer_data.cpp             : 285)   Processing SRR8299384_dephixed_R2.fastq.gz
    0:03:48.315   134M / 145M  INFO   K-mer Counting           (kmer_data.cpp             : 294)   Processed 61463894 reads
    0:03:48.315   134M / 145M  INFO   K-mer Counting           (kmer_data.cpp             : 299)   Total 61463894 reads processed
    0:03:48.624   134M / 145M  INFO   K-mer Counting           (kmer_data.cpp             : 302)   Estimated 4058604627 distinct kmers
    0:03:48.633     6M / 145M  INFO   K-mer Counting           (kmer_data.cpp             : 306)   Filtering singleton k-mers
  41 8 0
  nslots: 8589934592
  bits per slot: 8 range: 0000020000000000
    0:04:26.995    13G / 13G   INFO   K-mer Counting           (kmer_data.cpp             : 312)   Processing SRR8299384_dephixed_R1.fastq.gz
    0:36:40.262    13G / 13G   INFO   K-mer Counting           (kmer_data.cpp             : 321)   Processed 30731947 reads
    0:36:40.263    13G / 13G   INFO   K-mer Counting           (kmer_data.cpp             : 312)   Processing SRR8299384_dephixed_R2.fastq.gz
    1:04:40.374    13G / 13G   INFO   K-mer Counting           (kmer_data.cpp             : 321)   Processed 61463894 reads
    1:04:40.375    13G / 13G   INFO   K-mer Counting           (kmer_data.cpp             : 326)   Total 61463894 reads processed
    1:04:40.384    13G / 13G   INFO   K-mer Index Building     (kmer_index_builder.hpp    : 301)   Building kmer index
    1:04:40.385    13G / 13G   INFO    General                 (kmer_index_builder.hpp    : 117)   Splitting kmer instances into 128 files using 8 threads. This might take a while.
    1:04:40.386    13G / 13G   INFO    General                 (file_limit.hpp            :  32)   Open file limit set to 51200
    1:04:40.386    13G / 13G   INFO    General                 (kmer_splitters.hpp        :  89)   Memory available for splitting buffers: 1.99954 Gb
    1:04:40.387    13G / 13G   INFO    General                 (kmer_splitters.hpp        :  97)   Using cell size of 524288
    1:04:41.109    18G / 18G   INFO   K-mer Splitting          (kmer_data.cpp             :  97)   Processing SRR8299384_dephixed_R1.fastq.gz
    1:05:15.219    18G / 18G   INFO   K-mer Splitting          (kmer_data.cpp             : 107)   Processed 2022797 reads
    1:05:47.548    18G / 18G   INFO   K-mer Splitting          (kmer_data.cpp             : 107)   Processed 4022249 reads
    1:06:22.770    18G / 18G   INFO   K-mer Splitting          (kmer_data.cpp             : 107)   Processed 6005121 reads
    1:06:56.144    18G / 18G   INFO   K-mer Splitting          (kmer_data.cpp             : 107)   Processed 7984538 reads
    1:07:34.134    18G / 18G   INFO   K-mer Splitting          (kmer_data.cpp             : 107)   Processed 9998826 reads
    1:08:08.967    18G / 18G   INFO   K-mer Splitting          (kmer_data.cpp             : 107)   Processed 12053589 reads
    1:08:44.414    18G / 18G   INFO   K-mer Splitting          (kmer_data.cpp             : 107)   Processed 14108755 reads
    1:09:19.458    18G / 18G   INFO   K-mer Splitting          (kmer_data.cpp             : 107)   Processed 16189997 reads
    1:09:55.603    18G / 18G   INFO   K-mer Splitting          (kmer_data.cpp             : 107)   Processed 18338176 reads
    1:10:30.779    18G / 18G   INFO   K-mer Splitting          (kmer_data.cpp             : 107)   Processed 20488504 reads
    1:13:31.717    18G / 18G   INFO   K-mer Splitting          (kmer_data.cpp             :  97)   Processing SRR8299384_dephixed_R2.fastq.gz
    1:14:40.111    18G / 18G   INFO   K-mer Splitting          (kmer_data.cpp             : 107)   Processed 34934198 reads
    1:22:10.178    18G / 18G   INFO   K-mer Splitting          (kmer_data.cpp             : 112)   Total 61463894 reads processed
    1:22:10.473    13G / 15G   INFO    General                 (kmer_index_builder.hpp    : 120)   Starting k-mer counting.
    1:26:32.979    13G / 15G   INFO    General                 (kmer_index_builder.hpp    : 127)   K-mer counting done. There are 1931237700 kmers in total.
    1:26:32.979    13G / 15G   INFO    General                 (kmer_index_builder.hpp    : 133)   Merging temporary buckets.
    1:32:57.641    13G / 15G   INFO   K-mer Index Building     (kmer_index_builder.hpp    : 314)   Building perfect hash indices
    1:35:29.387    14G / 19G   INFO    General                 (kmer_index_builder.hpp    : 150)   Merging final buckets.
    1:40:21.208    14G / 19G   INFO   K-mer Index Building     (kmer_index_builder.hpp    : 336)   Index built. Total 895528024 bytes occupied (3.70965 bits per kmer).
    1:40:22.291     2G / 19G   ERROR  K-mer Counting           (kmer_data.cpp             : 348)   The reads contain too many k-mers to fit into available memory. You need approx. 71.9442GB of free RAM to assemble your dataset
  
  
  == Error ==  system call for: "['/storage-large/homedirs/nicola.vitulo/GIOELE/MetaPhage/condaenvs/env-219a91dd02f2f43f63d22763eaa75c80/bin/spades-hammer', 'corrected/configs/config.info']" finished abnormally, OS return value: 255
  
  In case you have troubles running SPAdes, you can write to spades.support@cab.spbu.ru
  or report an issue on our GitHub repository github.com/ablab/spades
  Please provide us with params.txt and spades.log files from the output directory.
  
  SPAdes log can be found here: spades.log
  
  Thank you for using SPAdes!

Command wrapper:
    0:01:52.612   134M / 145M  INFO   K-mer Counting           (kmer_data.cpp             : 285)   Processing SRR8299384_dephixed_R2.fastq.gz
    0:03:48.315   134M / 145M  INFO   K-mer Counting           (kmer_data.cpp             : 294)   Processed 61463894 reads
    0:03:48.315   134M / 145M  INFO   K-mer Counting           (kmer_data.cpp             : 299)   Total 61463894 reads processed
    0:03:48.624   134M / 145M  INFO   K-mer Counting           (kmer_data.cpp             : 302)   Estimated 4058604627 distinct kmers
    0:03:48.633     6M / 145M  INFO   K-mer Counting           (kmer_data.cpp             : 306)   Filtering singleton k-mers
  41 8 0
  nslots: 8589934592
  bits per slot: 8 range: 0000020000000000
    0:04:26.995    13G / 13G   INFO   K-mer Counting           (kmer_data.cpp             : 312)   Processing SRR8299384_dephixed_R1.fastq.gz
    0:36:40.262    13G / 13G   INFO   K-mer Counting           (kmer_data.cpp             : 321)   Processed 30731947 reads
    0:36:40.263    13G / 13G   INFO   K-mer Counting           (kmer_data.cpp             : 312)   Processing SRR8299384_dephixed_R2.fastq.gz
    1:04:40.374    13G / 13G   INFO   K-mer Counting           (kmer_data.cpp             : 321)   Processed 61463894 reads
    1:04:40.375    13G / 13G   INFO   K-mer Counting           (kmer_data.cpp             : 326)   Total 61463894 reads processed
    1:04:40.384    13G / 13G   INFO   K-mer Index Building     (kmer_index_builder.hpp    : 301)   Building kmer index
    1:04:40.385    13G / 13G   INFO    General                 (kmer_index_builder.hpp    : 117)   Splitting kmer instances into 128 files using 8 threads. This might take a while.
    1:04:40.386    13G / 13G   INFO    General                 (file_limit.hpp            :  32)   Open file limit set to 51200
    1:04:40.386    13G / 13G   INFO    General                 (kmer_splitters.hpp        :  89)   Memory available for splitting buffers: 1.99954 Gb
    1:04:40.387    13G / 13G   INFO    General                 (kmer_splitters.hpp        :  97)   Using cell size of 524288
    1:04:41.109    18G / 18G   INFO   K-mer Splitting          (kmer_data.cpp             :  97)   Processing SRR8299384_dephixed_R1.fastq.gz
    1:05:15.219    18G / 18G   INFO   K-mer Splitting          (kmer_data.cpp             : 107)   Processed 2022797 reads
    1:05:47.548    18G / 18G   INFO   K-mer Splitting          (kmer_data.cpp             : 107)   Processed 4022249 reads
    1:06:22.770    18G / 18G   INFO   K-mer Splitting          (kmer_data.cpp             : 107)   Processed 6005121 reads
    1:06:56.144    18G / 18G   INFO   K-mer Splitting          (kmer_data.cpp             : 107)   Processed 7984538 reads
    1:07:34.134    18G / 18G   INFO   K-mer Splitting          (kmer_data.cpp             : 107)   Processed 9998826 reads
    1:08:08.967    18G / 18G   INFO   K-mer Splitting          (kmer_data.cpp             : 107)   Processed 12053589 reads
    1:08:44.414    18G / 18G   INFO   K-mer Splitting          (kmer_data.cpp             : 107)   Processed 14108755 reads
    1:09:19.458    18G / 18G   INFO   K-mer Splitting          (kmer_data.cpp             : 107)   Processed 16189997 reads
    1:09:55.603    18G / 18G   INFO   K-mer Splitting          (kmer_data.cpp             : 107)   Processed 18338176 reads
    1:10:30.779    18G / 18G   INFO   K-mer Splitting          (kmer_data.cpp             : 107)   Processed 20488504 reads
    1:13:31.717    18G / 18G   INFO   K-mer Splitting          (kmer_data.cpp             :  97)   Processing SRR8299384_dephixed_R2.fastq.gz
    1:14:40.111    18G / 18G   INFO   K-mer Splitting          (kmer_data.cpp             : 107)   Processed 34934198 reads
    1:22:10.178    18G / 18G   INFO   K-mer Splitting          (kmer_data.cpp             : 112)   Total 61463894 reads processed
    1:22:10.473    13G / 15G   INFO    General                 (kmer_index_builder.hpp    : 120)   Starting k-mer counting.
    1:26:32.979    13G / 15G   INFO    General                 (kmer_index_builder.hpp    : 127)   K-mer counting done. There are 1931237700 kmers in total.
    1:26:32.979    13G / 15G   INFO    General                 (kmer_index_builder.hpp    : 133)   Merging temporary buckets.
    1:32:57.641    13G / 15G   INFO   K-mer Index Building     (kmer_index_builder.hpp    : 314)   Building perfect hash indices
    1:35:29.387    14G / 19G   INFO    General                 (kmer_index_builder.hpp    : 150)   Merging final buckets.
    1:40:21.208    14G / 19G   INFO   K-mer Index Building     (kmer_index_builder.hpp    : 336)   Index built. Total 895528024 bytes occupied (3.70965 bits per kmer).
    1:40:22.291     2G / 19G   ERROR  K-mer Counting           (kmer_data.cpp             : 348)   The reads contain too many k-mers to fit into available memory. You need approx. 71.9442GB of free RAM to assemble your dataset
  
  
  == Error ==  system call for: "['/storage-large/homedirs/nicola.vitulo/GIOELE/MetaPhage/condaenvs/env-219a91dd02f2f43f63d22763eaa75c80/bin/spades-hammer', 'corrected/configs/config.info']" finished abnormally, OS return value: 255
  
  In case you have troubles running SPAdes, you can write to spades.support@cab.spbu.ru
  or report an issue on our GitHub repository github.com/ablab/spades
  Please provide us with params.txt and spades.log files from the output directory.
  
  SPAdes log can be found here: spades.log
  
  Thank you for using SPAdes!

Work dir:
  /storage-large/homedirs/nicola.vitulo/GIOELE/MetaPhage/work/8c/73ecdcf463f5273c2f4ef25b487ef0

Tip: view the complete command output by changing to the process work dir and entering the command `cat .command.out`

executor >  local (10)
[e4/274828] process > db_manager (Downloading mis... [100%] 1 of 1 ✔
[fd/3da077] process > fastp (SRR8299386)             [100%] 3 of 3 ✔
[2c/7b30b6] process > remove_phix (SRR8299386)       [100%] 3 of 3 ✔
[73/0f9e50] process > kraken2 (SRR8299384)           [ 33%] 1 of 3
[-        ] process > bracken                        [  0%] 0 of 1
[-        ] process > krona                          -
[f5/0339c9] process > metaspades (SRR8299383)        [ 50%] 1 of 2, failed: 1
[-        ] process > megahit                        -
[-        ] process > metaquast                      -
[-        ] process > vibrant                        -
[-        ] process > phigaro                        -
[-        ] process > virsorter                      -
[-        ] process > virfinder                      -
[-        ] process > virfinder_proc                 -
[-        ] process > cdhit                          -
[-        ] process > prodigal                       -
[-        ] process > bowtie2_derep                  -
[-        ] process > covtocounts2                   -
[-        ] process > vcontact2                      -
[-        ] process > vcontact2_extender             -
[-        ] process > multiqc                        -
Error executing process > 'metaspades (SRR8299384)'

Caused by:
  Process `metaspades (SRR8299384)` terminated with an error exit status (1)

Command executed:

  spades.py     --meta     --threads 8     --memory 60     --pe1-1 SRR8299384_dephixed_R1.fastq.gz --pe1-2 SRR8299384_dephixed_R2.fastq.gz     -o ./
  
  mv scaffolds.fasta SRR8299384_metaspades_scaffolds.fasta
  mv contigs.fasta SRR8299384_metaspades_contigs.fasta

Command exit status:
  1

Command output:
    0:01:52.612   134M / 145M  INFO   K-mer Counting           (kmer_data.cpp             : 285)   Processing SRR8299384_dephixed_R2.fastq.gz
    0:03:48.315   134M / 145M  INFO   K-mer Counting           (kmer_data.cpp             : 294)   Processed 61463894 reads
    0:03:48.315   134M / 145M  INFO   K-mer Counting           (kmer_data.cpp             : 299)   Total 61463894 reads processed
    0:03:48.624   134M / 145M  INFO   K-mer Counting           (kmer_data.cpp             : 302)   Estimated 4058604627 distinct kmers
    0:03:48.633     6M / 145M  INFO   K-mer Counting           (kmer_data.cpp             : 306)   Filtering singleton k-mers
  41 8 0
  nslots: 8589934592
  bits per slot: 8 range: 0000020000000000
    0:04:26.995    13G / 13G   INFO   K-mer Counting           (kmer_data.cpp             : 312)   Processing SRR8299384_dephixed_R1.fastq.gz
    0:36:40.262    13G / 13G   INFO   K-mer Counting           (kmer_data.cpp             : 321)   Processed 30731947 reads
    0:36:40.263    13G / 13G   INFO   K-mer Counting           (kmer_data.cpp             : 312)   Processing SRR8299384_dephixed_R2.fastq.gz
    1:04:40.374    13G / 13G   INFO   K-mer Counting           (kmer_data.cpp             : 321)   Processed 61463894 reads
    1:04:40.375    13G / 13G   INFO   K-mer Counting           (kmer_data.cpp             : 326)   Total 61463894 reads processed
    1:04:40.384    13G / 13G   INFO   K-mer Index Building     (kmer_index_builder.hpp    : 301)   Building kmer index
    1:04:40.385    13G / 13G   INFO    General                 (kmer_index_builder.hpp    : 117)   Splitting kmer instances into 128 files using 8 threads. This might take a while.
    1:04:40.386    13G / 13G   INFO    General                 (file_limit.hpp            :  32)   Open file limit set to 51200
    1:04:40.386    13G / 13G   INFO    General                 (kmer_splitters.hpp        :  89)   Memory available for splitting buffers: 1.99954 Gb
    1:04:40.387    13G / 13G   INFO    General                 (kmer_splitters.hpp        :  97)   Using cell size of 524288
    1:04:41.109    18G / 18G   INFO   K-mer Splitting          (kmer_data.cpp             :  97)   Processing SRR8299384_dephixed_R1.fastq.gz
    1:05:15.219    18G / 18G   INFO   K-mer Splitting          (kmer_data.cpp             : 107)   Processed 2022797 reads
    1:05:47.548    18G / 18G   INFO   K-mer Splitting          (kmer_data.cpp             : 107)   Processed 4022249 reads
    1:06:22.770    18G / 18G   INFO   K-mer Splitting          (kmer_data.cpp             : 107)   Processed 6005121 reads
    1:06:56.144    18G / 18G   INFO   K-mer Splitting          (kmer_data.cpp             : 107)   Processed 7984538 reads
    1:07:34.134    18G / 18G   INFO   K-mer Splitting          (kmer_data.cpp             : 107)   Processed 9998826 reads
    1:08:08.967    18G / 18G   INFO   K-mer Splitting          (kmer_data.cpp             : 107)   Processed 12053589 reads
    1:08:44.414    18G / 18G   INFO   K-mer Splitting          (kmer_data.cpp             : 107)   Processed 14108755 reads
    1:09:19.458    18G / 18G   INFO   K-mer Splitting          (kmer_data.cpp             : 107)   Processed 16189997 reads
    1:09:55.603    18G / 18G   INFO   K-mer Splitting          (kmer_data.cpp             : 107)   Processed 18338176 reads
    1:10:30.779    18G / 18G   INFO   K-mer Splitting          (kmer_data.cpp             : 107)   Processed 20488504 reads
    1:13:31.717    18G / 18G   INFO   K-mer Splitting          (kmer_data.cpp             :  97)   Processing SRR8299384_dephixed_R2.fastq.gz
    1:14:40.111    18G / 18G   INFO   K-mer Splitting          (kmer_data.cpp             : 107)   Processed 34934198 reads
    1:22:10.178    18G / 18G   INFO   K-mer Splitting          (kmer_data.cpp             : 112)   Total 61463894 reads processed
    1:22:10.473    13G / 15G   INFO    General                 (kmer_index_builder.hpp    : 120)   Starting k-mer counting.
    1:26:32.979    13G / 15G   INFO    General                 (kmer_index_builder.hpp    : 127)   K-mer counting done. There are 1931237700 kmers in total.
    1:26:32.979    13G / 15G   INFO    General                 (kmer_index_builder.hpp    : 133)   Merging temporary buckets.
    1:32:57.641    13G / 15G   INFO   K-mer Index Building     (kmer_index_builder.hpp    : 314)   Building perfect hash indices
    1:35:29.387    14G / 19G   INFO    General                 (kmer_index_builder.hpp    : 150)   Merging final buckets.
    1:40:21.208    14G / 19G   INFO   K-mer Index Building     (kmer_index_builder.hpp    : 336)   Index built. Total 895528024 bytes occupied (3.70965 bits per kmer).
    1:40:22.291     2G / 19G   ERROR  K-mer Counting           (kmer_data.cpp             : 348)   The reads contain too many k-mers to fit into available memory. You need approx. 71.9442GB of free RAM to assemble your dataset
  
  
  == Error ==  system call for: "['/storage-large/homedirs/nicola.vitulo/GIOELE/MetaPhage/condaenvs/env-219a91dd02f2f43f63d22763eaa75c80/bin/spades-hammer', 'corrected/configs/config.info']" finished abnormally, OS return value: 255
  
  In case you have troubles running SPAdes, you can write to spades.support@cab.spbu.ru
  or report an issue on our GitHub repository github.com/ablab/spades
  Please provide us with params.txt and spades.log files from the output directory.
  
  SPAdes log can be found here: spades.log
  
  Thank you for using SPAdes!

Command wrapper:
    0:01:52.612   134M / 145M  INFO   K-mer Counting           (kmer_data.cpp             : 285)   Processing SRR8299384_dephixed_R2.fastq.gz
    0:03:48.315   134M / 145M  INFO   K-mer Counting           (kmer_data.cpp             : 294)   Processed 61463894 reads
    0:03:48.315   134M / 145M  INFO   K-mer Counting           (kmer_data.cpp             : 299)   Total 61463894 reads processed
    0:03:48.624   134M / 145M  INFO   K-mer Counting           (kmer_data.cpp             : 302)   Estimated 4058604627 distinct kmers
    0:03:48.633     6M / 145M  INFO   K-mer Counting           (kmer_data.cpp             : 306)   Filtering singleton k-mers
  41 8 0
  nslots: 8589934592
  bits per slot: 8 range: 0000020000000000
    0:04:26.995    13G / 13G   INFO   K-mer Counting           (kmer_data.cpp             : 312)   Processing SRR8299384_dephixed_R1.fastq.gz
    0:36:40.262    13G / 13G   INFO   K-mer Counting           (kmer_data.cpp             : 321)   Processed 30731947 reads
    0:36:40.263    13G / 13G   INFO   K-mer Counting           (kmer_data.cpp             : 312)   Processing SRR8299384_dephixed_R2.fastq.gz
    1:04:40.374    13G / 13G   INFO   K-mer Counting           (kmer_data.cpp             : 321)   Processed 61463894 reads
    1:04:40.375    13G / 13G   INFO   K-mer Counting           (kmer_data.cpp             : 326)   Total 61463894 reads processed
    1:04:40.384    13G / 13G   INFO   K-mer Index Building     (kmer_index_builder.hpp    : 301)   Building kmer index
    1:04:40.385    13G / 13G   INFO    General                 (kmer_index_builder.hpp    : 117)   Splitting kmer instances into 128 files using 8 threads. This might take a while.
    1:04:40.386    13G / 13G   INFO    General                 (file_limit.hpp            :  32)   Open file limit set to 51200
    1:04:40.386    13G / 13G   INFO    General                 (kmer_splitters.hpp        :  89)   Memory available for splitting buffers: 1.99954 Gb
    1:04:40.387    13G / 13G   INFO    General                 (kmer_splitters.hpp        :  97)   Using cell size of 524288
    1:04:41.109    18G / 18G   INFO   K-mer Splitting          (kmer_data.cpp             :  97)   Processing SRR8299384_dephixed_R1.fastq.gz
    1:05:15.219    18G / 18G   INFO   K-mer Splitting          (kmer_data.cpp             : 107)   Processed 2022797 reads
    1:05:47.548    18G / 18G   INFO   K-mer Splitting          (kmer_data.cpp             : 107)   Processed 4022249 reads
    1:06:22.770    18G / 18G   INFO   K-mer Splitting          (kmer_data.cpp             : 107)   Processed 6005121 reads
    1:06:56.144    18G / 18G   INFO   K-mer Splitting          (kmer_data.cpp             : 107)   Processed 7984538 reads
    1:07:34.134    18G / 18G   INFO   K-mer Splitting          (kmer_data.cpp             : 107)   Processed 9998826 reads
    1:08:08.967    18G / 18G   INFO   K-mer Splitting          (kmer_data.cpp             : 107)   Processed 12053589 reads
    1:08:44.414    18G / 18G   INFO   K-mer Splitting          (kmer_data.cpp             : 107)   Processed 14108755 reads
    1:09:19.458    18G / 18G   INFO   K-mer Splitting          (kmer_data.cpp             : 107)   Processed 16189997 reads
    1:09:55.603    18G / 18G   INFO   K-mer Splitting          (kmer_data.cpp             : 107)   Processed 18338176 reads
    1:10:30.779    18G / 18G   INFO   K-mer Splitting          (kmer_data.cpp             : 107)   Processed 20488504 reads
    1:13:31.717    18G / 18G   INFO   K-mer Splitting          (kmer_data.cpp             :  97)   Processing SRR8299384_dephixed_R2.fastq.gz
    1:14:40.111    18G / 18G   INFO   K-mer Splitting          (kmer_data.cpp             : 107)   Processed 34934198 reads
    1:22:10.178    18G / 18G   INFO   K-mer Splitting          (kmer_data.cpp             : 112)   Total 61463894 reads processed
    1:22:10.473    13G / 15G   INFO    General                 (kmer_index_builder.hpp    : 120)   Starting k-mer counting.
    1:26:32.979    13G / 15G   INFO    General                 (kmer_index_builder.hpp    : 127)   K-mer counting done. There are 1931237700 kmers in total.
    1:26:32.979    13G / 15G   INFO    General                 (kmer_index_builder.hpp    : 133)   Merging temporary buckets.
    1:32:57.641    13G / 15G   INFO   K-mer Index Building     (kmer_index_builder.hpp    : 314)   Building perfect hash indices
    1:35:29.387    14G / 19G   INFO    General                 (kmer_index_builder.hpp    : 150)   Merging final buckets.
    1:40:21.208    14G / 19G   INFO   K-mer Index Building     (kmer_index_builder.hpp    : 336)   Index built. Total 895528024 bytes occupied (3.70965 bits per kmer).
    1:40:22.291     2G / 19G   ERROR  K-mer Counting           (kmer_data.cpp             : 348)   The reads contain too many k-mers to fit into available memory. You need approx. 71.9442GB of free RAM to assemble your dataset
  
  
  == Error ==  system call for: "['/storage-large/homedirs/nicola.vitulo/GIOELE/MetaPhage/condaenvs/env-219a91dd02f2f43f63d22763eaa75c80/bin/spades-hammer', 'corrected/configs/config.info']" finished abnormally, OS return value: 255
  
  In case you have troubles running SPAdes, you can write to spades.support@cab.spbu.ru
  or report an issue on our GitHub repository github.com/ablab/spades
  Please provide us with params.txt and spades.log files from the output directory.
  
  SPAdes log can be found here: spades.log
  
  Thank you for using SPAdes!

Work dir:
  /storage-large/homedirs/nicola.vitulo/GIOELE/MetaPhage/work/8c/73ecdcf463f5273c2f4ef25b487ef0

Tip: view the complete command output by changing to the process work dir and entering the command `cat .command.out`

