N E X T F L O W  ~  version 20.10.0
Launching `main.nf` [high_montalcini] - revision: 60897d922b

====================================================
 __  __      _        _____  _                      
|  \/  |    | |      |  __ \| |                     
| \  / | ___| |_ __ _| |__) | |__   __ _  __ _  ___ 
| |\/| |/ _ \ __/ _` |  ___/| '_ \ / _` |/ _` |/ _ \
| |  | |  __/ || (_| | |    | | | | (_| | (_| |  __/
|_|  |_|\___|\__\__,_|_|    |_| |_|\__,_|\__, |\___|
                                          __/ |     
                                         |___/      
====================================================

[-        ] process > db_manager  -
[-        ] process > fastp       -
[-        ] process > remove_phix -
[-        ] process > kraken2     -
[-        ] process > bracken     -
[-        ] process > krona       -
[-        ] process > metaspades  -
[-        ] process > megahit     -

executor >  local (2)
[-        ] process > db_manager         [  0%] 0 of 1
[a6/8ebf8d] process > fastp (SRR8299386) [  0%] 0 of 3
[-        ] process > remove_phix        -
[-        ] process > kraken2            -
[-        ] process > bracken            -
[-        ] process > krona              -
[-        ] process > metaspades         -
[-        ] process > megahit            -
[-        ] process > metaquast          -
[-        ] process > vibrant            -
[-        ] process > phigaro            -
[-        ] process > virsorter          -
[-        ] process > virfinder          -
[-        ] process > virfinder_proc     -
[-        ] process > cdhit              -
[-        ] process > prodigal           -
[-        ] process > bowtie2_derep      -
[-        ] process > covtocounts2       -
[-        ] process > vcontact2          -
[-        ] process > vcontact2_extender -
[-        ] process > multiqc            -

executor >  local (2)
[-        ] process > db_manager         [  0%] 0 of 1
[a6/8ebf8d] process > fastp (SRR8299386) [ 33%] 1 of 3
[-        ] process > remove_phix        -
[-        ] process > kraken2            -
[-        ] process > bracken            -
[-        ] process > krona              -
[-        ] process > metaspades         -
[-        ] process > megahit            -
[-        ] process > metaquast          -
[-        ] process > vibrant            -
[-        ] process > phigaro            -
[-        ] process > virsorter          -
[-        ] process > virfinder          -
[-        ] process > virfinder_proc     -
[-        ] process > cdhit              -
[-        ] process > prodigal           -
[-        ] process > bowtie2_derep      -
[-        ] process > covtocounts2       -
[-        ] process > vcontact2          -
[-        ] process > vcontact2_extender -
[-        ] process > multiqc            -

executor >  local (3)
[-        ] process > db_manager         [  0%] 0 of 1
[3f/088c6f] process > fastp (SRR8299384) [ 33%] 1 of 3
[-        ] process > remove_phix        -
[-        ] process > kraken2            -
[-        ] process > bracken            -
[-        ] process > krona              -
[-        ] process > metaspades         -
[-        ] process > megahit            -
[-        ] process > metaquast          -
[-        ] process > vibrant            -
[-        ] process > phigaro            -
[-        ] process > virsorter          -
[-        ] process > virfinder          -
[-        ] process > virfinder_proc     -
[-        ] process > cdhit              -
[-        ] process > prodigal           -
[-        ] process > bowtie2_derep      -
[-        ] process > covtocounts2       -
[-        ] process > vcontact2          -
[-        ] process > vcontact2_extender -
[-        ] process > multiqc            -

executor >  local (4)
[35/b4d541] process > db_manager (Downloading mis... [  0%] 0 of 1
[14/391024] process > fastp (SRR8299383)             [ 67%] 2 of 3
[-        ] process > remove_phix                    -
[-        ] process > kraken2                        -
[-        ] process > bracken                        -
[-        ] process > krona                          -
[-        ] process > metaspades                     -
[-        ] process > megahit                        -
[-        ] process > metaquast                      -
[-        ] process > vibrant                        -
[-        ] process > phigaro                        -
[-        ] process > virsorter                      -
[-        ] process > virfinder                      -
[-        ] process > virfinder_proc                 -
[-        ] process > cdhit                          -
[-        ] process > prodigal                       -
[-        ] process > bowtie2_derep                  -
[-        ] process > covtocounts2                   -
[-        ] process > vcontact2                      -
[-        ] process > vcontact2_extender             -
[-        ] process > multiqc                        -

executor >  local (4)
[35/b4d541] process > db_manager (Downloading mis... [100%] 1 of 1 ✔
[14/391024] process > fastp (SRR8299383)             [ 67%] 2 of 3
[-        ] process > remove_phix                    -
[-        ] process > kraken2                        -
[-        ] process > bracken                        -
[-        ] process > krona                          -
[-        ] process > metaspades                     -
[-        ] process > megahit                        -
[-        ] process > metaquast                      -
[-        ] process > vibrant                        -
[-        ] process > phigaro                        -
[-        ] process > virsorter                      -
[-        ] process > virfinder                      -
[-        ] process > virfinder_proc                 -
[-        ] process > cdhit                          -
[-        ] process > prodigal                       -
[-        ] process > bowtie2_derep                  -
[-        ] process > covtocounts2                   -
[-        ] process > vcontact2                      -
[-        ] process > vcontact2_extender             -
[-        ] process > multiqc                        -

executor >  local (4)
[35/b4d541] process > db_manager (Downloading mis... [100%] 1 of 1 ✔
[14/391024] process > fastp (SRR8299383)             [ 67%] 2 of 3
[-        ] process > remove_phix                    [  0%] 0 of 2
[-        ] process > kraken2                        -
[-        ] process > bracken                        -
[-        ] process > krona                          -
[-        ] process > metaspades                     -
[-        ] process > megahit                        -
[-        ] process > metaquast                      -
[-        ] process > vibrant                        -
[-        ] process > phigaro                        -
[-        ] process > virsorter                      -
[-        ] process > virfinder                      -
[-        ] process > virfinder_proc                 -
[-        ] process > cdhit                          -
[-        ] process > prodigal                       -
[-        ] process > bowtie2_derep                  -
[-        ] process > covtocounts2                   -
[-        ] process > vcontact2                      -
[-        ] process > vcontact2_extender             -
[-        ] process > multiqc                        -

executor >  local (5)
[35/b4d541] process > db_manager (Downloading mis... [100%] 1 of 1 ✔
[14/391024] process > fastp (SRR8299383)             [ 67%] 2 of 3
[65/6f63d1] process > remove_phix (SRR8299386)       [  0%] 0 of 2
[-        ] process > kraken2                        -
[-        ] process > bracken                        -
[-        ] process > krona                          -
[-        ] process > metaspades                     -
[-        ] process > megahit                        -
[-        ] process > metaquast                      -
[-        ] process > vibrant                        -
[-        ] process > phigaro                        -
[-        ] process > virsorter                      -
[-        ] process > virfinder                      -
[-        ] process > virfinder_proc                 -
[-        ] process > cdhit                          -
[-        ] process > prodigal                       -
[-        ] process > bowtie2_derep                  -
[-        ] process > covtocounts2                   -
[-        ] process > vcontact2                      -
[-        ] process > vcontact2_extender             -
[-        ] process > multiqc                        -

executor >  local (5)
[35/b4d541] process > db_manager (Downloading mis... [100%] 1 of 1 ✔
[3f/088c6f] process > fastp (SRR8299384)             [100%] 3 of 3 ✔
[65/6f63d1] process > remove_phix (SRR8299386)       [  0%] 0 of 3
[-        ] process > kraken2                        -
[-        ] process > bracken                        -
[-        ] process > krona                          -
[-        ] process > metaspades                     -
[-        ] process > megahit                        -
[-        ] process > metaquast                      -
[-        ] process > vibrant                        -
[-        ] process > phigaro                        -
[-        ] process > virsorter                      -
[-        ] process > virfinder                      -
[-        ] process > virfinder_proc                 -
[-        ] process > cdhit                          -
[-        ] process > prodigal                       -
[-        ] process > bowtie2_derep                  -
[-        ] process > covtocounts2                   -
[-        ] process > vcontact2                      -
[-        ] process > vcontact2_extender             -
[-        ] process > multiqc                        -

executor >  local (6)
[35/b4d541] process > db_manager (Downloading mis... [100%] 1 of 1 ✔
[3f/088c6f] process > fastp (SRR8299384)             [100%] 3 of 3 ✔
[00/46b3af] process > remove_phix (SRR8299383)       [  0%] 0 of 3
[-        ] process > kraken2                        -
[-        ] process > bracken                        -
[-        ] process > krona                          -
[-        ] process > metaspades                     -
[-        ] process > megahit                        -
[-        ] process > metaquast                      -
[-        ] process > vibrant                        -
[-        ] process > phigaro                        -
[-        ] process > virsorter                      -
[-        ] process > virfinder                      -
[-        ] process > virfinder_proc                 -
[-        ] process > cdhit                          -
[-        ] process > prodigal                       -
[-        ] process > bowtie2_derep                  -
[-        ] process > covtocounts2                   -
[-        ] process > vcontact2                      -
[-        ] process > vcontact2_extender             -
[-        ] process > multiqc                        -

executor >  local (7)
[35/b4d541] process > db_manager (Downloading mis... [100%] 1 of 1 ✔
[3f/088c6f] process > fastp (SRR8299384)             [100%] 3 of 3 ✔
[65/6f63d1] process > remove_phix (SRR8299386)       [ 33%] 1 of 3
[-        ] process > kraken2                        -
[-        ] process > bracken                        -
[-        ] process > krona                          -
[-        ] process > metaspades                     -
[-        ] process > megahit                        -
[-        ] process > metaquast                      -
[-        ] process > vibrant                        -
[-        ] process > phigaro                        -
[-        ] process > virsorter                      -
[-        ] process > virfinder                      -
[-        ] process > virfinder_proc                 -
[-        ] process > cdhit                          -
[-        ] process > prodigal                       -
[-        ] process > bowtie2_derep                  -
[-        ] process > covtocounts2                   -
[-        ] process > vcontact2                      -
[-        ] process > vcontact2_extender             -
[-        ] process > multiqc                        -

executor >  local (7)
[35/b4d541] process > db_manager (Downloading mis... [100%] 1 of 1 ✔
[3f/088c6f] process > fastp (SRR8299384)             [100%] 3 of 3 ✔
[65/6f63d1] process > remove_phix (SRR8299386)       [ 33%] 1 of 3
[-        ] process > kraken2                        [  0%] 0 of 1
[-        ] process > bracken                        -
[-        ] process > krona                          -
[-        ] process > metaspades                     [  0%] 0 of 1
[-        ] process > megahit                        -
[-        ] process > metaquast                      -
[-        ] process > vibrant                        -
[-        ] process > phigaro                        -
[-        ] process > virsorter                      -
[-        ] process > virfinder                      -
[-        ] process > virfinder_proc                 -
[-        ] process > cdhit                          -
[-        ] process > prodigal                       -
[-        ] process > bowtie2_derep                  -
[-        ] process > covtocounts2                   -
[-        ] process > vcontact2                      -
[-        ] process > vcontact2_extender             -
[-        ] process > multiqc                        -

executor >  local (8)
[35/b4d541] process > db_manager (Downloading mis... [100%] 1 of 1 ✔
[3f/088c6f] process > fastp (SRR8299384)             [100%] 3 of 3 ✔
[00/46b3af] process > remove_phix (SRR8299383)       [ 67%] 2 of 3
[-        ] process > kraken2                        [  0%] 0 of 2
[-        ] process > bracken                        -
[-        ] process > krona                          -
[b0/5d3126] process > metaspades (SRR8299386)        [  0%] 0 of 2
[-        ] process > megahit                        -
[-        ] process > metaquast                      -
[-        ] process > vibrant                        -
[-        ] process > phigaro                        -
[-        ] process > virsorter                      -
[-        ] process > virfinder                      -
[-        ] process > virfinder_proc                 -
[-        ] process > cdhit                          -
[-        ] process > prodigal                       -
[-        ] process > bowtie2_derep                  -
[-        ] process > covtocounts2                   -
[-        ] process > vcontact2                      -
[-        ] process > vcontact2_extender             -
[-        ] process > multiqc                        -

executor >  local (8)
[35/b4d541] process > db_manager (Downloading mis... [100%] 1 of 1 ✔
[3f/088c6f] process > fastp (SRR8299384)             [100%] 3 of 3 ✔
[00/46b3af] process > remove_phix (SRR8299383)       [ 67%] 2 of 3
[-        ] process > kraken2                        [  0%] 0 of 2
[-        ] process > bracken                        -
[-        ] process > krona                          -
[b0/5d3126] process > metaspades (SRR8299386)        [  0%] 0 of 2
[-        ] process > megahit                        -
[-        ] process > metaquast                      -
[-        ] process > vibrant                        -
[-        ] process > phigaro                        -
[-        ] process > virsorter                      -
[-        ] process > virfinder                      -
[-        ] process > virfinder_proc                 -
[-        ] process > cdhit                          -
[-        ] process > prodigal                       -
[-        ] process > bowtie2_derep                  -
[-        ] process > covtocounts2                   -
[-        ] process > vcontact2                      -
[-        ] process > vcontact2_extender             -
[-        ] process > multiqc                        -

executor >  local (9)
[35/b4d541] process > db_manager (Downloading mis... [100%] 1 of 1 ✔
[3f/088c6f] process > fastp (SRR8299384)             [100%] 3 of 3 ✔
[ce/8f9ecb] process > remove_phix (SRR8299384)       [100%] 3 of 3 ✔
[db/a75cfd] process > kraken2 (SRR8299386)           [  0%] 0 of 2
[-        ] process > bracken                        -
[-        ] process > krona                          -
[b0/5d3126] process > metaspades (SRR8299386)        [  0%] 0 of 2
[-        ] process > megahit                        -
[-        ] process > metaquast                      -
[-        ] process > vibrant                        -
[-        ] process > phigaro                        -
[-        ] process > virsorter                      -
[-        ] process > virfinder                      -
[-        ] process > virfinder_proc                 -
[-        ] process > cdhit                          -
[-        ] process > prodigal                       -
[-        ] process > bowtie2_derep                  -
[-        ] process > covtocounts2                   -
[-        ] process > vcontact2                      -
[-        ] process > vcontact2_extender             -
[-        ] process > multiqc                        -

executor >  local (9)
[35/b4d541] process > db_manager (Downloading mis... [100%] 1 of 1 ✔
[3f/088c6f] process > fastp (SRR8299384)             [100%] 3 of 3 ✔
[ce/8f9ecb] process > remove_phix (SRR8299384)       [100%] 3 of 3 ✔
[db/a75cfd] process > kraken2 (SRR8299386)           [  0%] 0 of 3
[-        ] process > bracken                        -
[-        ] process > krona                          -
[b0/5d3126] process > metaspades (SRR8299386)        [  0%] 0 of 3
[-        ] process > megahit                        -
[-        ] process > metaquast                      -
[-        ] process > vibrant                        -
[-        ] process > phigaro                        -
[-        ] process > virsorter                      -
[-        ] process > virfinder                      -
[-        ] process > virfinder_proc                 -
[-        ] process > cdhit                          -
[-        ] process > prodigal                       -
[-        ] process > bowtie2_derep                  -
[-        ] process > covtocounts2                   -
[-        ] process > vcontact2                      -
[-        ] process > vcontact2_extender             -
[-        ] process > multiqc                        -

executor >  local (10)
[35/b4d541] process > db_manager (Downloading mis... [100%] 1 of 1 ✔
[3f/088c6f] process > fastp (SRR8299384)             [100%] 3 of 3 ✔
[ce/8f9ecb] process > remove_phix (SRR8299384)       [100%] 3 of 3 ✔
[db/a75cfd] process > kraken2 (SRR8299386)           [ 33%] 1 of 3
[-        ] process > bracken                        -
[-        ] process > krona                          -
[57/ffbf23] process > metaspades (SRR8299383)        [  0%] 0 of 3
[-        ] process > megahit                        -
[-        ] process > metaquast                      -
[-        ] process > vibrant                        -
[-        ] process > phigaro                        -
[-        ] process > virsorter                      -
[-        ] process > virfinder                      -
[-        ] process > virfinder_proc                 -
[-        ] process > cdhit                          -
[-        ] process > prodigal                       -
[-        ] process > bowtie2_derep                  -
[-        ] process > covtocounts2                   -
[-        ] process > vcontact2                      -
[-        ] process > vcontact2_extender             -
[-        ] process > multiqc                        -

executor >  local (10)
[35/b4d541] process > db_manager (Downloading mis... [100%] 1 of 1 ✔
[3f/088c6f] process > fastp (SRR8299384)             [100%] 3 of 3 ✔
[ce/8f9ecb] process > remove_phix (SRR8299384)       [100%] 3 of 3 ✔
[db/a75cfd] process > kraken2 (SRR8299386)           [ 33%] 1 of 3
[-        ] process > bracken                        [  0%] 0 of 1
[-        ] process > krona                          -
[57/ffbf23] process > metaspades (SRR8299383)        [  0%] 0 of 3
[-        ] process > megahit                        -
[-        ] process > metaquast                      -
[-        ] process > vibrant                        -
[-        ] process > phigaro                        -
[-        ] process > virsorter                      -
[-        ] process > virfinder                      -
[-        ] process > virfinder_proc                 -
[-        ] process > cdhit                          -
[-        ] process > prodigal                       -
[-        ] process > bowtie2_derep                  -
[-        ] process > covtocounts2                   -
[-        ] process > vcontact2                      -
[-        ] process > vcontact2_extender             -
[-        ] process > multiqc                        -

WARN: Killing pending tasks (1)
executor >  local (10)
[35/b4d541] process > db_manager (Downloading mis... [100%] 1 of 1 ✔
[3f/088c6f] process > fastp (SRR8299384)             [100%] 3 of 3 ✔
[ce/8f9ecb] process > remove_phix (SRR8299384)       [100%] 3 of 3 ✔
[db/a75cfd] process > kraken2 (SRR8299386)           [ 33%] 1 of 3
[-        ] process > bracken                        [  0%] 0 of 1
[-        ] process > krona                          -
[57/ffbf23] process > metaspades (SRR8299383)        [  0%] 0 of 3
[-        ] process > megahit                        -
[-        ] process > metaquast                      -
[-        ] process > vibrant                        -
[-        ] process > phigaro                        -
[-        ] process > virsorter                      -
[-        ] process > virfinder                      -
[-        ] process > virfinder_proc                 -
[-        ] process > cdhit                          -
[-        ] process > prodigal                       -
[-        ] process > bowtie2_derep                  -
[-        ] process > covtocounts2                   -
[-        ] process > vcontact2                      -
[-        ] process > vcontact2_extender             -
[-        ] process > multiqc                        -
Error executing process > 'metaspades (SRR8299386)'

Caused by:
  Process `metaspades (SRR8299386)` terminated with an error exit status (1)

Command executed:

  spades.py     --meta     --threads 8     --memory 80     --pe1-1 SRR8299386_dephixed_R1.fastq.gz --pe1-2 SRR8299386_dephixed_R2.fastq.gz     -o ./
  
  mv scaffolds.fasta SRR8299386_metaspades_scaffolds.fasta
  mv contigs.fasta SRR8299386_metaspades_contigs.fasta

Command exit status:
  1

Command output:
    0:04:22.283   135M / 181M  INFO   K-mer Counting           (kmer_data.cpp             : 294)   Processed 74981602 reads
    0:04:22.283   135M / 181M  INFO   K-mer Counting           (kmer_data.cpp             : 299)   Total 74981602 reads processed
    0:04:22.591   135M / 181M  INFO   K-mer Counting           (kmer_data.cpp             : 302)   Estimated 5253085923 distinct kmers
    0:04:22.592     6M / 181M  INFO   K-mer Counting           (kmer_data.cpp             : 306)   Filtering singleton k-mers
  42 8 0
  nslots: 17179869184
  bits per slot: 8 range: 0000040000000000
    0:04:29.570    25G / 25G   INFO   K-mer Counting           (kmer_data.cpp             : 312)   Processing SRR8299386_dephixed_R1.fastq.gz
    0:42:41.893    25G / 25G   INFO   K-mer Counting           (kmer_data.cpp             : 321)   Processed 37490801 reads
    0:42:41.894    25G / 25G   INFO   K-mer Counting           (kmer_data.cpp             : 312)   Processing SRR8299386_dephixed_R2.fastq.gz
    1:14:28.126    25G / 25G   INFO   K-mer Counting           (kmer_data.cpp             : 321)   Processed 74981602 reads
    1:14:28.126    25G / 25G   INFO   K-mer Counting           (kmer_data.cpp             : 326)   Total 74981602 reads processed
    1:14:28.195    25G / 25G   INFO   K-mer Index Building     (kmer_index_builder.hpp    : 301)   Building kmer index
    1:14:28.195    25G / 25G   INFO    General                 (kmer_index_builder.hpp    : 117)   Splitting kmer instances into 128 files using 8 threads. This might take a while.
    1:14:28.197    25G / 25G   INFO    General                 (file_limit.hpp            :  32)   Open file limit set to 51200
    1:14:28.197    25G / 25G   INFO    General                 (kmer_splitters.hpp        :  89)   Memory available for splitting buffers: 2.33247 Gb
    1:14:28.197    25G / 25G   INFO    General                 (kmer_splitters.hpp        :  97)   Using cell size of 524288
    1:14:28.209    30G / 30G   INFO   K-mer Splitting          (kmer_data.cpp             :  97)   Processing SRR8299386_dephixed_R1.fastq.gz
    1:15:12.523    30G / 30G   INFO   K-mer Splitting          (kmer_data.cpp             : 107)   Processed 2089539 reads
    1:15:52.623    30G / 30G   INFO   K-mer Splitting          (kmer_data.cpp             : 107)   Processed 4281545 reads
    1:16:32.565    30G / 30G   INFO   K-mer Splitting          (kmer_data.cpp             : 107)   Processed 6455677 reads
    1:17:04.974    30G / 30G   INFO   K-mer Splitting          (kmer_data.cpp             : 107)   Processed 8629258 reads
    1:17:33.984    30G / 30G   INFO   K-mer Splitting          (kmer_data.cpp             : 107)   Processed 10795559 reads
    1:18:02.364    30G / 30G   INFO   K-mer Splitting          (kmer_data.cpp             : 107)   Processed 12955110 reads
    1:18:32.104    30G / 30G   INFO   K-mer Splitting          (kmer_data.cpp             : 107)   Processed 15138012 reads
    1:19:02.228    30G / 30G   INFO   K-mer Splitting          (kmer_data.cpp             : 107)   Processed 17313021 reads
    1:19:32.533    30G / 30G   INFO   K-mer Splitting          (kmer_data.cpp             : 107)   Processed 19498186 reads
    1:20:02.660    30G / 30G   INFO   K-mer Splitting          (kmer_data.cpp             : 107)   Processed 21681409 reads
    1:23:11.585    30G / 30G   INFO   K-mer Splitting          (kmer_data.cpp             : 107)   Processed 35229406 reads
    1:23:44.164    30G / 30G   INFO   K-mer Splitting          (kmer_data.cpp             :  97)   Processing SRR8299386_dephixed_R2.fastq.gz
    1:31:27.218    30G / 30G   INFO   K-mer Splitting          (kmer_data.cpp             : 107)   Processed 69158643 reads
    1:32:54.976    30G / 30G   INFO   K-mer Splitting          (kmer_data.cpp             : 112)   Total 74981602 reads processed
    1:32:55.113    25G / 25G   INFO    General                 (kmer_index_builder.hpp    : 120)   Starting k-mer counting.
    1:40:28.701    25G / 26G   INFO    General                 (kmer_index_builder.hpp    : 127)   K-mer counting done. There are 3219789384 kmers in total.
    1:40:28.701    25G / 26G   INFO    General                 (kmer_index_builder.hpp    : 133)   Merging temporary buckets.
    1:47:16.363    25G / 26G   INFO   K-mer Index Building     (kmer_index_builder.hpp    : 314)   Building perfect hash indices
    1:52:37.489    26G / 35G   INFO    General                 (kmer_index_builder.hpp    : 150)   Merging final buckets.
    1:55:36.360    26G / 35G   INFO   K-mer Index Building     (kmer_index_builder.hpp    : 336)   Index built. Total 1493034318 bytes occupied (3.70964 bits per kmer).
    1:55:36.620     2G / 35G   ERROR  K-mer Counting           (kmer_data.cpp             : 348)   The reads contain too many k-mers to fit into available memory. You need approx. 119.947GB of free RAM to assemble your dataset
  
  
  == Error ==  system call for: "['/storage-large/homedirs/nicola.vitulo/GIOELE/MetaPhage/condaenvs/env-219a91dd02f2f43f63d22763eaa75c80/bin/spades-hammer', 'corrected/configs/config.info']" finished abnormally, OS return value: 255
  
  In case you have troubles running SPAdes, you can write to spades.support@cab.spbu.ru
  or report an issue on our GitHub repository github.com/ablab/spades
  Please provide us with params.txt and spades.log files from the output directory.
  
  SPAdes log can be found here: spades.log
  
  Thank you for using SPAdes!

Command wrapper:
    0:04:22.283   135M / 181M  INFO   K-mer Counting           (kmer_data.cpp             : 294)   Processed 74981602 reads
    0:04:22.283   135M / 181M  INFO   K-mer Counting           (kmer_data.cpp             : 299)   Total 74981602 reads processed
    0:04:22.591   135M / 181M  INFO   K-mer Counting           (kmer_data.cpp             : 302)   Estimated 5253085923 distinct kmers
    0:04:22.592     6M / 181M  INFO   K-mer Counting           (kmer_data.cpp             : 306)   Filtering singleton k-mers
  42 8 0
  nslots: 17179869184
  bits per slot: 8 range: 0000040000000000
    0:04:29.570    25G / 25G   INFO   K-mer Counting           (kmer_data.cpp             : 312)   Processing SRR8299386_dephixed_R1.fastq.gz
    0:42:41.893    25G / 25G   INFO   K-mer Counting           (kmer_data.cpp             : 321)   Processed 37490801 reads
    0:42:41.894    25G / 25G   INFO   K-mer Counting           (kmer_data.cpp             : 312)   Processing SRR8299386_dephixed_R2.fastq.gz
    1:14:28.126    25G / 25G   INFO   K-mer Counting           (kmer_data.cpp             : 321)   Processed 74981602 reads
    1:14:28.126    25G / 25G   INFO   K-mer Counting           (kmer_data.cpp             : 326)   Total 74981602 reads processed
    1:14:28.195    25G / 25G   INFO   K-mer Index Building     (kmer_index_builder.hpp    : 301)   Building kmer index
    1:14:28.195    25G / 25G   INFO    General                 (kmer_index_builder.hpp    : 117)   Splitting kmer instances into 128 files using 8 threads. This might take a while.
    1:14:28.197    25G / 25G   INFO    General                 (file_limit.hpp            :  32)   Open file limit set to 51200
    1:14:28.197    25G / 25G   INFO    General                 (kmer_splitters.hpp        :  89)   Memory available for splitting buffers: 2.33247 Gb
    1:14:28.197    25G / 25G   INFO    General                 (kmer_splitters.hpp        :  97)   Using cell size of 524288
    1:14:28.209    30G / 30G   INFO   K-mer Splitting          (kmer_data.cpp             :  97)   Processing SRR8299386_dephixed_R1.fastq.gz
    1:15:12.523    30G / 30G   INFO   K-mer Splitting          (kmer_data.cpp             : 107)   Processed 2089539 reads
    1:15:52.623    30G / 30G   INFO   K-mer Splitting          (kmer_data.cpp             : 107)   Processed 4281545 reads
    1:16:32.565    30G / 30G   INFO   K-mer Splitting          (kmer_data.cpp             : 107)   Processed 6455677 reads
    1:17:04.974    30G / 30G   INFO   K-mer Splitting          (kmer_data.cpp             : 107)   Processed 8629258 reads
    1:17:33.984    30G / 30G   INFO   K-mer Splitting          (kmer_data.cpp             : 107)   Processed 10795559 reads
    1:18:02.364    30G / 30G   INFO   K-mer Splitting          (kmer_data.cpp             : 107)   Processed 12955110 reads
    1:18:32.104    30G / 30G   INFO   K-mer Splitting          (kmer_data.cpp             : 107)   Processed 15138012 reads
    1:19:02.228    30G / 30G   INFO   K-mer Splitting          (kmer_data.cpp             : 107)   Processed 17313021 reads
    1:19:32.533    30G / 30G   INFO   K-mer Splitting          (kmer_data.cpp             : 107)   Processed 19498186 reads
    1:20:02.660    30G / 30G   INFO   K-mer Splitting          (kmer_data.cpp             : 107)   Processed 21681409 reads
    1:23:11.585    30G / 30G   INFO   K-mer Splitting          (kmer_data.cpp             : 107)   Processed 35229406 reads
    1:23:44.164    30G / 30G   INFO   K-mer Splitting          (kmer_data.cpp             :  97)   Processing SRR8299386_dephixed_R2.fastq.gz
    1:31:27.218    30G / 30G   INFO   K-mer Splitting          (kmer_data.cpp             : 107)   Processed 69158643 reads
    1:32:54.976    30G / 30G   INFO   K-mer Splitting          (kmer_data.cpp             : 112)   Total 74981602 reads processed
    1:32:55.113    25G / 25G   INFO    General                 (kmer_index_builder.hpp    : 120)   Starting k-mer counting.
    1:40:28.701    25G / 26G   INFO    General                 (kmer_index_builder.hpp    : 127)   K-mer counting done. There are 3219789384 kmers in total.
    1:40:28.701    25G / 26G   INFO    General                 (kmer_index_builder.hpp    : 133)   Merging temporary buckets.
    1:47:16.363    25G / 26G   INFO   K-mer Index Building     (kmer_index_builder.hpp    : 314)   Building perfect hash indices
    1:52:37.489    26G / 35G   INFO    General                 (kmer_index_builder.hpp    : 150)   Merging final buckets.
    1:55:36.360    26G / 35G   INFO   K-mer Index Building     (kmer_index_builder.hpp    : 336)   Index built. Total 1493034318 bytes occupied (3.70964 bits per kmer).
    1:55:36.620     2G / 35G   ERROR  K-mer Counting           (kmer_data.cpp             : 348)   The reads contain too many k-mers to fit into available memory. You need approx. 119.947GB of free RAM to assemble your dataset
  
  
  == Error ==  system call for: "['/storage-large/homedirs/nicola.vitulo/GIOELE/MetaPhage/condaenvs/env-219a91dd02f2f43f63d22763eaa75c80/bin/spades-hammer', 'corrected/configs/config.info']" finished abnormally, OS return value: 255
  
  In case you have troubles running SPAdes, you can write to spades.support@cab.spbu.ru
  or report an issue on our GitHub repository github.com/ablab/spades
  Please provide us with params.txt and spades.log files from the output directory.
  
  SPAdes log can be found here: spades.log
  
  Thank you for using SPAdes!

Work dir:
  /storage-large/homedirs/nicola.vitulo/GIOELE/MetaPhage/work/b0/5d31261be5ce88b04c1fc570f9afcd

Tip: you can try to figure out what's wrong by changing to the process work dir and showing the script file named `.command.sh`
[70/fd8218] Submitted process > kraken2 (SRR8299383)

executor >  local (11)
[35/b4d541] process > db_manager (Downloading mis... [100%] 1 of 1 ✔
[3f/088c6f] process > fastp (SRR8299384)             [100%] 3 of 3 ✔
[ce/8f9ecb] process > remove_phix (SRR8299384)       [100%] 3 of 3 ✔
[70/fd8218] process > kraken2 (SRR8299383)           [ 33%] 1 of 3
[-        ] process > bracken                        [  0%] 0 of 1
[-        ] process > krona                          -
[57/ffbf23] process > metaspades (SRR8299383)        [ 50%] 1 of 2, failed: 1
[-        ] process > megahit                        -
[-        ] process > metaquast                      -
[-        ] process > vibrant                        -
[-        ] process > phigaro                        -
[-        ] process > virsorter                      -
[-        ] process > virfinder                      -
[-        ] process > virfinder_proc                 -
[-        ] process > cdhit                          -
[-        ] process > prodigal                       -
[-        ] process > bowtie2_derep                  -
[-        ] process > covtocounts2                   -
[-        ] process > vcontact2                      -
[-        ] process > vcontact2_extender             -
[-        ] process > multiqc                        -
Error executing process > 'metaspades (SRR8299386)'

Caused by:
  Process `metaspades (SRR8299386)` terminated with an error exit status (1)

Command executed:

  spades.py     --meta     --threads 8     --memory 80     --pe1-1 SRR8299386_dephixed_R1.fastq.gz --pe1-2 SRR8299386_dephixed_R2.fastq.gz     -o ./
  
  mv scaffolds.fasta SRR8299386_metaspades_scaffolds.fasta
  mv contigs.fasta SRR8299386_metaspades_contigs.fasta

Command exit status:
  1

Command output:
    0:04:22.283   135M / 181M  INFO   K-mer Counting           (kmer_data.cpp             : 294)   Processed 74981602 reads
    0:04:22.283   135M / 181M  INFO   K-mer Counting           (kmer_data.cpp             : 299)   Total 74981602 reads processed
    0:04:22.591   135M / 181M  INFO   K-mer Counting           (kmer_data.cpp             : 302)   Estimated 5253085923 distinct kmers
    0:04:22.592     6M / 181M  INFO   K-mer Counting           (kmer_data.cpp             : 306)   Filtering singleton k-mers
  42 8 0
  nslots: 17179869184
  bits per slot: 8 range: 0000040000000000
    0:04:29.570    25G / 25G   INFO   K-mer Counting           (kmer_data.cpp             : 312)   Processing SRR8299386_dephixed_R1.fastq.gz
    0:42:41.893    25G / 25G   INFO   K-mer Counting           (kmer_data.cpp             : 321)   Processed 37490801 reads
    0:42:41.894    25G / 25G   INFO   K-mer Counting           (kmer_data.cpp             : 312)   Processing SRR8299386_dephixed_R2.fastq.gz
    1:14:28.126    25G / 25G   INFO   K-mer Counting           (kmer_data.cpp             : 321)   Processed 74981602 reads
    1:14:28.126    25G / 25G   INFO   K-mer Counting           (kmer_data.cpp             : 326)   Total 74981602 reads processed
    1:14:28.195    25G / 25G   INFO   K-mer Index Building     (kmer_index_builder.hpp    : 301)   Building kmer index
    1:14:28.195    25G / 25G   INFO    General                 (kmer_index_builder.hpp    : 117)   Splitting kmer instances into 128 files using 8 threads. This might take a while.
    1:14:28.197    25G / 25G   INFO    General                 (file_limit.hpp            :  32)   Open file limit set to 51200
    1:14:28.197    25G / 25G   INFO    General                 (kmer_splitters.hpp        :  89)   Memory available for splitting buffers: 2.33247 Gb
    1:14:28.197    25G / 25G   INFO    General                 (kmer_splitters.hpp        :  97)   Using cell size of 524288
    1:14:28.209    30G / 30G   INFO   K-mer Splitting          (kmer_data.cpp             :  97)   Processing SRR8299386_dephixed_R1.fastq.gz
    1:15:12.523    30G / 30G   INFO   K-mer Splitting          (kmer_data.cpp             : 107)   Processed 2089539 reads
    1:15:52.623    30G / 30G   INFO   K-mer Splitting          (kmer_data.cpp             : 107)   Processed 4281545 reads
    1:16:32.565    30G / 30G   INFO   K-mer Splitting          (kmer_data.cpp             : 107)   Processed 6455677 reads
    1:17:04.974    30G / 30G   INFO   K-mer Splitting          (kmer_data.cpp             : 107)   Processed 8629258 reads
    1:17:33.984    30G / 30G   INFO   K-mer Splitting          (kmer_data.cpp             : 107)   Processed 10795559 reads
    1:18:02.364    30G / 30G   INFO   K-mer Splitting          (kmer_data.cpp             : 107)   Processed 12955110 reads
    1:18:32.104    30G / 30G   INFO   K-mer Splitting          (kmer_data.cpp             : 107)   Processed 15138012 reads
    1:19:02.228    30G / 30G   INFO   K-mer Splitting          (kmer_data.cpp             : 107)   Processed 17313021 reads
    1:19:32.533    30G / 30G   INFO   K-mer Splitting          (kmer_data.cpp             : 107)   Processed 19498186 reads
    1:20:02.660    30G / 30G   INFO   K-mer Splitting          (kmer_data.cpp             : 107)   Processed 21681409 reads
    1:23:11.585    30G / 30G   INFO   K-mer Splitting          (kmer_data.cpp             : 107)   Processed 35229406 reads
    1:23:44.164    30G / 30G   INFO   K-mer Splitting          (kmer_data.cpp             :  97)   Processing SRR8299386_dephixed_R2.fastq.gz
    1:31:27.218    30G / 30G   INFO   K-mer Splitting          (kmer_data.cpp             : 107)   Processed 69158643 reads
    1:32:54.976    30G / 30G   INFO   K-mer Splitting          (kmer_data.cpp             : 112)   Total 74981602 reads processed
    1:32:55.113    25G / 25G   INFO    General                 (kmer_index_builder.hpp    : 120)   Starting k-mer counting.
    1:40:28.701    25G / 26G   INFO    General                 (kmer_index_builder.hpp    : 127)   K-mer counting done. There are 3219789384 kmers in total.
    1:40:28.701    25G / 26G   INFO    General                 (kmer_index_builder.hpp    : 133)   Merging temporary buckets.
    1:47:16.363    25G / 26G   INFO   K-mer Index Building     (kmer_index_builder.hpp    : 314)   Building perfect hash indices
    1:52:37.489    26G / 35G   INFO    General                 (kmer_index_builder.hpp    : 150)   Merging final buckets.
    1:55:36.360    26G / 35G   INFO   K-mer Index Building     (kmer_index_builder.hpp    : 336)   Index built. Total 1493034318 bytes occupied (3.70964 bits per kmer).
    1:55:36.620     2G / 35G   ERROR  K-mer Counting           (kmer_data.cpp             : 348)   The reads contain too many k-mers to fit into available memory. You need approx. 119.947GB of free RAM to assemble your dataset
  
  
  == Error ==  system call for: "['/storage-large/homedirs/nicola.vitulo/GIOELE/MetaPhage/condaenvs/env-219a91dd02f2f43f63d22763eaa75c80/bin/spades-hammer', 'corrected/configs/config.info']" finished abnormally, OS return value: 255
  
  In case you have troubles running SPAdes, you can write to spades.support@cab.spbu.ru
  or report an issue on our GitHub repository github.com/ablab/spades
  Please provide us with params.txt and spades.log files from the output directory.
  
  SPAdes log can be found here: spades.log
  
  Thank you for using SPAdes!

Command wrapper:
    0:04:22.283   135M / 181M  INFO   K-mer Counting           (kmer_data.cpp             : 294)   Processed 74981602 reads
    0:04:22.283   135M / 181M  INFO   K-mer Counting           (kmer_data.cpp             : 299)   Total 74981602 reads processed
    0:04:22.591   135M / 181M  INFO   K-mer Counting           (kmer_data.cpp             : 302)   Estimated 5253085923 distinct kmers
    0:04:22.592     6M / 181M  INFO   K-mer Counting           (kmer_data.cpp             : 306)   Filtering singleton k-mers
  42 8 0
  nslots: 17179869184
  bits per slot: 8 range: 0000040000000000
    0:04:29.570    25G / 25G   INFO   K-mer Counting           (kmer_data.cpp             : 312)   Processing SRR8299386_dephixed_R1.fastq.gz
    0:42:41.893    25G / 25G   INFO   K-mer Counting           (kmer_data.cpp             : 321)   Processed 37490801 reads
    0:42:41.894    25G / 25G   INFO   K-mer Counting           (kmer_data.cpp             : 312)   Processing SRR8299386_dephixed_R2.fastq.gz
    1:14:28.126    25G / 25G   INFO   K-mer Counting           (kmer_data.cpp             : 321)   Processed 74981602 reads
    1:14:28.126    25G / 25G   INFO   K-mer Counting           (kmer_data.cpp             : 326)   Total 74981602 reads processed
    1:14:28.195    25G / 25G   INFO   K-mer Index Building     (kmer_index_builder.hpp    : 301)   Building kmer index
    1:14:28.195    25G / 25G   INFO    General                 (kmer_index_builder.hpp    : 117)   Splitting kmer instances into 128 files using 8 threads. This might take a while.
    1:14:28.197    25G / 25G   INFO    General                 (file_limit.hpp            :  32)   Open file limit set to 51200
    1:14:28.197    25G / 25G   INFO    General                 (kmer_splitters.hpp        :  89)   Memory available for splitting buffers: 2.33247 Gb
    1:14:28.197    25G / 25G   INFO    General                 (kmer_splitters.hpp        :  97)   Using cell size of 524288
    1:14:28.209    30G / 30G   INFO   K-mer Splitting          (kmer_data.cpp             :  97)   Processing SRR8299386_dephixed_R1.fastq.gz
    1:15:12.523    30G / 30G   INFO   K-mer Splitting          (kmer_data.cpp             : 107)   Processed 2089539 reads
    1:15:52.623    30G / 30G   INFO   K-mer Splitting          (kmer_data.cpp             : 107)   Processed 4281545 reads
    1:16:32.565    30G / 30G   INFO   K-mer Splitting          (kmer_data.cpp             : 107)   Processed 6455677 reads
    1:17:04.974    30G / 30G   INFO   K-mer Splitting          (kmer_data.cpp             : 107)   Processed 8629258 reads
    1:17:33.984    30G / 30G   INFO   K-mer Splitting          (kmer_data.cpp             : 107)   Processed 10795559 reads
    1:18:02.364    30G / 30G   INFO   K-mer Splitting          (kmer_data.cpp             : 107)   Processed 12955110 reads
    1:18:32.104    30G / 30G   INFO   K-mer Splitting          (kmer_data.cpp             : 107)   Processed 15138012 reads
    1:19:02.228    30G / 30G   INFO   K-mer Splitting          (kmer_data.cpp             : 107)   Processed 17313021 reads
    1:19:32.533    30G / 30G   INFO   K-mer Splitting          (kmer_data.cpp             : 107)   Processed 19498186 reads
    1:20:02.660    30G / 30G   INFO   K-mer Splitting          (kmer_data.cpp             : 107)   Processed 21681409 reads
    1:23:11.585    30G / 30G   INFO   K-mer Splitting          (kmer_data.cpp             : 107)   Processed 35229406 reads
    1:23:44.164    30G / 30G   INFO   K-mer Splitting          (kmer_data.cpp             :  97)   Processing SRR8299386_dephixed_R2.fastq.gz
    1:31:27.218    30G / 30G   INFO   K-mer Splitting          (kmer_data.cpp             : 107)   Processed 69158643 reads
    1:32:54.976    30G / 30G   INFO   K-mer Splitting          (kmer_data.cpp             : 112)   Total 74981602 reads processed
    1:32:55.113    25G / 25G   INFO    General                 (kmer_index_builder.hpp    : 120)   Starting k-mer counting.
    1:40:28.701    25G / 26G   INFO    General                 (kmer_index_builder.hpp    : 127)   K-mer counting done. There are 3219789384 kmers in total.
    1:40:28.701    25G / 26G   INFO    General                 (kmer_index_builder.hpp    : 133)   Merging temporary buckets.
    1:47:16.363    25G / 26G   INFO   K-mer Index Building     (kmer_index_builder.hpp    : 314)   Building perfect hash indices
    1:52:37.489    26G / 35G   INFO    General                 (kmer_index_builder.hpp    : 150)   Merging final buckets.
    1:55:36.360    26G / 35G   INFO   K-mer Index Building     (kmer_index_builder.hpp    : 336)   Index built. Total 1493034318 bytes occupied (3.70964 bits per kmer).
    1:55:36.620     2G / 35G   ERROR  K-mer Counting           (kmer_data.cpp             : 348)   The reads contain too many k-mers to fit into available memory. You need approx. 119.947GB of free RAM to assemble your dataset
  
  
  == Error ==  system call for: "['/storage-large/homedirs/nicola.vitulo/GIOELE/MetaPhage/condaenvs/env-219a91dd02f2f43f63d22763eaa75c80/bin/spades-hammer', 'corrected/configs/config.info']" finished abnormally, OS return value: 255
  
  In case you have troubles running SPAdes, you can write to spades.support@cab.spbu.ru
  or report an issue on our GitHub repository github.com/ablab/spades
  Please provide us with params.txt and spades.log files from the output directory.
  
  SPAdes log can be found here: spades.log
  
  Thank you for using SPAdes!

Work dir:
  /storage-large/homedirs/nicola.vitulo/GIOELE/MetaPhage/work/b0/5d31261be5ce88b04c1fc570f9afcd

Tip: you can try to figure out what's wrong by changing to the process work dir and showing the script file named `.command.sh`

